[2022-05-07 12:23:01,006] {taskinstance.py:1159} INFO - Dependencies all met for <TaskInstance: hello_world.hello_task scheduled__2022-05-07T12:22:00+00:00 [queued]>
[2022-05-07 12:23:01,014] {taskinstance.py:1159} INFO - Dependencies all met for <TaskInstance: hello_world.hello_task scheduled__2022-05-07T12:22:00+00:00 [queued]>
[2022-05-07 12:23:01,015] {taskinstance.py:1356} INFO - 
--------------------------------------------------------------------------------
[2022-05-07 12:23:01,016] {taskinstance.py:1357} INFO - Starting attempt 1 of 1
[2022-05-07 12:23:01,017] {taskinstance.py:1358} INFO - 
--------------------------------------------------------------------------------
[2022-05-07 12:23:01,027] {taskinstance.py:1377} INFO - Executing <Task(PythonOperator): hello_task> on 2022-05-07 12:22:00+00:00
[2022-05-07 12:23:01,032] {standard_task_runner.py:52} INFO - Started process 2597 to run task
[2022-05-07 12:23:01,034] {standard_task_runner.py:79} INFO - Running: ['***', 'tasks', 'run', 'hello_world', 'hello_task', 'scheduled__2022-05-07T12:22:00+00:00', '--job-id', '32', '--raw', '--subdir', 'DAGS_FOLDER/currency.py', '--cfg-path', '/tmp/tmpx1dh_fdf', '--error-file', '/tmp/tmpfhtusrly']
[2022-05-07 12:23:01,035] {standard_task_runner.py:80} INFO - Job 32: Subtask hello_task
[2022-05-07 12:23:01,107] {task_command.py:369} INFO - Running <TaskInstance: hello_world.hello_task scheduled__2022-05-07T12:22:00+00:00 [running]> on host e1dde06f7318
[2022-05-07 12:23:01,156] {taskinstance.py:1571} INFO - Exporting the following env vars:
AIRFLOW_CTX_DAG_OWNER=***
AIRFLOW_CTX_DAG_ID=hello_world
AIRFLOW_CTX_TASK_ID=hello_task
AIRFLOW_CTX_EXECUTION_DATE=2022-05-07T12:22:00+00:00
AIRFLOW_CTX_TRY_NUMBER=1
AIRFLOW_CTX_DAG_RUN_ID=scheduled__2022-05-07T12:22:00+00:00
[2022-05-07 12:23:01,158] {python.py:173} INFO - Done. Returned value was: Hello world from first Airflow DAG!
[2022-05-07 12:23:01,174] {taskinstance.py:1400} INFO - Marking task as SUCCESS. dag_id=hello_world, task_id=hello_task, execution_date=20220507T122200, start_date=20220507T122301, end_date=20220507T122301
[2022-05-07 12:23:01,208] {local_task_job.py:156} INFO - Task exited with return code 0
[2022-05-07 12:23:01,243] {local_task_job.py:273} INFO - 1 downstream tasks scheduled from follow-on schedule check
