[2022-05-07 11:38:10,343] {manager.py:474} INFO - Processing files using up to 2 processes at a time 
[2022-05-07 11:38:10,349] {manager.py:475} INFO - Process each file at most once every 30 seconds
[2022-05-07 11:38:10,354] {manager.py:477} INFO - Checking for new files in /opt/airflow/dags every 300 seconds
[2022-05-07 11:38:10,359] {manager.py:684} INFO - Searching for files in /opt/airflow/dags
[2022-05-07 11:38:10,379] {manager.py:687} INFO - There are 0 files in /opt/airflow/dags
[2022-05-07 11:43:10,823] {manager.py:684} INFO - Searching for files in /opt/airflow/dags
[2022-05-07 11:43:10,858] {manager.py:687} INFO - There are 0 files in /opt/airflow/dags
[2022-05-07 11:48:11,467] {manager.py:684} INFO - Searching for files in /opt/airflow/dags
[2022-05-07 11:48:11,523] {manager.py:687} INFO - There are 0 files in /opt/airflow/dags
[2022-05-07 11:53:11,871] {manager.py:684} INFO - Searching for files in /opt/airflow/dags
[2022-05-07 11:53:11,902] {manager.py:687} INFO - There are 0 files in /opt/airflow/dags
[2022-05-07 11:58:12,455] {manager.py:684} INFO - Searching for files in /opt/airflow/dags
[2022-05-07 11:58:12,498] {manager.py:687} INFO - There are 1 files in /opt/airflow/dags
[2022-05-07 11:58:16,623] {manager.py:803} INFO - 
================================================================================
DAG File Processing Stats

File Path                      PID    Runtime      # DAGs    # Errors  Last Runtime    Last Run
-----------------------------  -----  ---------  --------  ----------  --------------  -------------------
/opt/airflow/dags/currency.py                           1           0  1.52s           2022-05-07T11:58:14
================================================================================
[2022-05-07 11:58:47,270] {manager.py:803} INFO - 
================================================================================
DAG File Processing Stats

File Path                      PID    Runtime      # DAGs    # Errors  Last Runtime    Last Run
-----------------------------  -----  ---------  --------  ----------  --------------  -------------------
/opt/airflow/dags/currency.py                           1           0  0.33s           2022-05-07T11:58:44
================================================================================
[2022-05-07 11:59:17,732] {manager.py:803} INFO - 
================================================================================
DAG File Processing Stats

File Path                      PID    Runtime      # DAGs    # Errors  Last Runtime    Last Run
-----------------------------  -----  ---------  --------  ----------  --------------  -------------------
/opt/airflow/dags/currency.py                           1           0  0.41s           2022-05-07T11:59:15
================================================================================
[2022-05-07 11:59:48,258] {manager.py:803} INFO - 
================================================================================
DAG File Processing Stats

File Path                      PID    Runtime      # DAGs    # Errors  Last Runtime    Last Run
-----------------------------  -----  ---------  --------  ----------  --------------  -------------------
/opt/airflow/dags/currency.py                           1           0  0.35s           2022-05-07T11:59:45
================================================================================
[2022-05-07 12:00:18,771] {manager.py:803} INFO - 
================================================================================
DAG File Processing Stats

File Path                      PID    Runtime      # DAGs    # Errors  Last Runtime    Last Run
-----------------------------  -----  ---------  --------  ----------  --------------  -------------------
/opt/airflow/dags/currency.py                           1           0  0.29s           2022-05-07T12:00:11
================================================================================
[2022-05-07 12:00:48,944] {manager.py:803} INFO - 
================================================================================
DAG File Processing Stats

File Path                      PID    Runtime      # DAGs    # Errors  Last Runtime    Last Run
-----------------------------  -----  ---------  --------  ----------  --------------  -------------------
/opt/airflow/dags/currency.py                           1           0  0.62s           2022-05-07T12:00:42
================================================================================
[2022-05-07 12:01:19,129] {manager.py:803} INFO - 
================================================================================
DAG File Processing Stats

File Path                      PID    Runtime      # DAGs    # Errors  Last Runtime    Last Run
-----------------------------  -----  ---------  --------  ----------  --------------  -------------------
/opt/airflow/dags/currency.py                           1           0  0.39s           2022-05-07T12:01:13
================================================================================
[2022-05-07 12:01:49,638] {manager.py:803} INFO - 
================================================================================
DAG File Processing Stats

File Path                      PID    Runtime      # DAGs    # Errors  Last Runtime    Last Run
-----------------------------  -----  ---------  --------  ----------  --------------  -------------------
/opt/airflow/dags/currency.py                           1           0  0.31s           2022-05-07T12:01:43
================================================================================
[2022-05-07 12:02:19,835] {manager.py:803} INFO - 
================================================================================
DAG File Processing Stats

File Path                      PID    Runtime      # DAGs    # Errors  Last Runtime    Last Run
-----------------------------  -----  ---------  --------  ----------  --------------  -------------------
/opt/airflow/dags/currency.py                           1           0  0.87s           2022-05-07T12:02:14
================================================================================
[2022-05-07 12:02:50,012] {manager.py:803} INFO - 
================================================================================
DAG File Processing Stats

File Path                      PID    Runtime      # DAGs    # Errors  Last Runtime    Last Run
-----------------------------  -----  ---------  --------  ----------  --------------  -------------------
/opt/airflow/dags/currency.py                           1           0  0.37s           2022-05-07T12:02:45
================================================================================
[2022-05-07 12:03:13,112] {manager.py:684} INFO - Searching for files in /opt/airflow/dags
[2022-05-07 12:03:13,133] {manager.py:687} INFO - There are 1 files in /opt/airflow/dags
[2022-05-07 12:03:20,521] {manager.py:803} INFO - 
================================================================================
DAG File Processing Stats

File Path                      PID    Runtime      # DAGs    # Errors  Last Runtime    Last Run
-----------------------------  -----  ---------  --------  ----------  --------------  -------------------
/opt/airflow/dags/currency.py                           1           0  0.31s           2022-05-07T12:03:15
================================================================================
[2022-05-07 12:03:50,943] {manager.py:803} INFO - 
================================================================================
DAG File Processing Stats

File Path                      PID    Runtime      # DAGs    # Errors  Last Runtime    Last Run
-----------------------------  -----  ---------  --------  ----------  --------------  -------------------
/opt/airflow/dags/currency.py                           1           0  0.33s           2022-05-07T12:03:46
================================================================================
[2022-05-07 12:04:21,358] {manager.py:803} INFO - 
================================================================================
DAG File Processing Stats

File Path                      PID    Runtime      # DAGs    # Errors  Last Runtime    Last Run
-----------------------------  -----  ---------  --------  ----------  --------------  -------------------
/opt/airflow/dags/currency.py                           1           0  0.36s           2022-05-07T12:04:16
================================================================================
[2022-05-07 12:04:51,867] {manager.py:803} INFO - 
================================================================================
DAG File Processing Stats

File Path                      PID    Runtime      # DAGs    # Errors  Last Runtime    Last Run
-----------------------------  -----  ---------  --------  ----------  --------------  -------------------
/opt/airflow/dags/currency.py                           1           0  0.35s           2022-05-07T12:04:47
================================================================================
[2022-05-07 12:05:22,342] {manager.py:803} INFO - 
================================================================================
DAG File Processing Stats

File Path                      PID    Runtime      # DAGs    # Errors  Last Runtime    Last Run
-----------------------------  -----  ---------  --------  ----------  --------------  -------------------
/opt/airflow/dags/currency.py                           1           0  0.38s           2022-05-07T12:05:17
================================================================================
[2022-05-07 12:05:52,944] {manager.py:803} INFO - 
================================================================================
DAG File Processing Stats

File Path                      PID    Runtime      # DAGs    # Errors  Last Runtime    Last Run
-----------------------------  -----  ---------  --------  ----------  --------------  -------------------
/opt/airflow/dags/currency.py                           0           1  0.16s           2022-05-07T12:05:42
================================================================================
[2022-05-07 12:06:20,223] {manager.py:505} INFO - DAG hello_world is missing and will be deactivated.
[2022-05-07 12:06:20,241] {manager.py:515} INFO - Deactivated 1 DAGs which are no longer present in file.
[2022-05-07 12:06:23,323] {manager.py:803} INFO - 
================================================================================
DAG File Processing Stats

File Path                      PID    Runtime      # DAGs    # Errors  Last Runtime    Last Run
-----------------------------  -----  ---------  --------  ----------  --------------  -------------------
/opt/airflow/dags/currency.py                           1           0  0.40s           2022-05-07T12:06:21
================================================================================
[2022-05-07 12:06:53,809] {manager.py:803} INFO - 
================================================================================
DAG File Processing Stats

File Path                      PID    Runtime      # DAGs    # Errors  Last Runtime    Last Run
-----------------------------  -----  ---------  --------  ----------  --------------  -------------------
/opt/airflow/dags/currency.py                           1           0  0.35s           2022-05-07T12:06:52
================================================================================
[2022-05-07 12:07:24,233] {manager.py:803} INFO - 
================================================================================
DAG File Processing Stats

File Path                      PID    Runtime      # DAGs    # Errors  Last Runtime    Last Run
-----------------------------  -----  ---------  --------  ----------  --------------  -------------------
/opt/airflow/dags/currency.py                           1           0  0.23s           2022-05-07T12:07:22
================================================================================
[2022-05-07 12:07:54,578] {manager.py:803} INFO - 
================================================================================
DAG File Processing Stats

File Path                      PID    Runtime      # DAGs    # Errors  Last Runtime    Last Run
-----------------------------  -----  ---------  --------  ----------  --------------  -------------------
/opt/airflow/dags/currency.py                           1           0  0.32s           2022-05-07T12:07:52
================================================================================
[2022-05-07 12:08:13,657] {manager.py:684} INFO - Searching for files in /opt/airflow/dags
[2022-05-07 12:08:13,680] {manager.py:687} INFO - There are 1 files in /opt/airflow/dags
[2022-05-07 12:08:25,017] {manager.py:803} INFO - 
================================================================================
DAG File Processing Stats

File Path                      PID    Runtime      # DAGs    # Errors  Last Runtime    Last Run
-----------------------------  -----  ---------  --------  ----------  --------------  -------------------
/opt/airflow/dags/currency.py                           1           0  0.25s           2022-05-07T12:08:23
================================================================================
[2022-05-07 12:08:55,386] {manager.py:803} INFO - 
================================================================================
DAG File Processing Stats

File Path                      PID    Runtime      # DAGs    # Errors  Last Runtime    Last Run
-----------------------------  -----  ---------  --------  ----------  --------------  -------------------
/opt/airflow/dags/currency.py                           1           0  0.27s           2022-05-07T12:08:53
================================================================================
[2022-05-07 12:09:25,770] {manager.py:803} INFO - 
================================================================================
DAG File Processing Stats

File Path                      PID    Runtime      # DAGs    # Errors  Last Runtime    Last Run
-----------------------------  -----  ---------  --------  ----------  --------------  -------------------
/opt/airflow/dags/currency.py                           1           0  0.36s           2022-05-07T12:09:24
================================================================================
[2022-05-07 12:09:56,255] {manager.py:803} INFO - 
================================================================================
DAG File Processing Stats

File Path                      PID    Runtime      # DAGs    # Errors  Last Runtime    Last Run
-----------------------------  -----  ---------  --------  ----------  --------------  -------------------
/opt/airflow/dags/currency.py                           1           0  0.35s           2022-05-07T12:09:49
================================================================================
[2022-05-07 12:10:26,445] {manager.py:803} INFO - 
================================================================================
DAG File Processing Stats

File Path                      PID    Runtime      # DAGs    # Errors  Last Runtime    Last Run
-----------------------------  -----  ---------  --------  ----------  --------------  -------------------
/opt/airflow/dags/currency.py                           1           0  0.27s           2022-05-07T12:10:19
================================================================================
[2022-05-07 12:10:56,885] {manager.py:803} INFO - 
================================================================================
DAG File Processing Stats

File Path                      PID    Runtime      # DAGs    # Errors  Last Runtime    Last Run
-----------------------------  -----  ---------  --------  ----------  --------------  -------------------
/opt/airflow/dags/currency.py                           1           0  0.52s           2022-05-07T12:10:50
================================================================================
[2022-05-07 12:11:26,926] {manager.py:803} INFO - 
================================================================================
DAG File Processing Stats

File Path                      PID    Runtime      # DAGs    # Errors  Last Runtime    Last Run
-----------------------------  -----  ---------  --------  ----------  --------------  -------------------
/opt/airflow/dags/currency.py                           1           0  0.42s           2022-05-07T12:11:20
================================================================================
[2022-05-07 12:11:57,067] {manager.py:803} INFO - 
================================================================================
DAG File Processing Stats

File Path                      PID    Runtime      # DAGs    # Errors  Last Runtime    Last Run
-----------------------------  -----  ---------  --------  ----------  --------------  -------------------
/opt/airflow/dags/currency.py                           1           0  0.27s           2022-05-07T12:11:51
================================================================================
[2022-05-07 12:12:27,485] {manager.py:803} INFO - 
================================================================================
DAG File Processing Stats

File Path                      PID    Runtime      # DAGs    # Errors  Last Runtime    Last Run
-----------------------------  -----  ---------  --------  ----------  --------------  -------------------
/opt/airflow/dags/currency.py                           1           0  0.27s           2022-05-07T12:12:21
================================================================================
[2022-05-07 12:12:57,903] {manager.py:803} INFO - 
================================================================================
DAG File Processing Stats

File Path                      PID    Runtime      # DAGs    # Errors  Last Runtime    Last Run
-----------------------------  -----  ---------  --------  ----------  --------------  -------------------
/opt/airflow/dags/currency.py                           1           0  0.34s           2022-05-07T12:12:52
================================================================================
[2022-05-07 12:13:14,001] {manager.py:684} INFO - Searching for files in /opt/airflow/dags
[2022-05-07 12:13:14,049] {manager.py:687} INFO - There are 1 files in /opt/airflow/dags
[2022-05-07 12:13:28,368] {manager.py:803} INFO - 
================================================================================
DAG File Processing Stats

File Path                      PID    Runtime      # DAGs    # Errors  Last Runtime    Last Run
-----------------------------  -----  ---------  --------  ----------  --------------  -------------------
/opt/airflow/dags/currency.py                           1           0  0.27s           2022-05-07T12:13:22
================================================================================
[2022-05-07 12:13:58,784] {manager.py:803} INFO - 
================================================================================
DAG File Processing Stats

File Path                      PID    Runtime      # DAGs    # Errors  Last Runtime    Last Run
-----------------------------  -----  ---------  --------  ----------  --------------  -------------------
/opt/airflow/dags/currency.py                           1           0  0.25s           2022-05-07T12:13:52
================================================================================
[2022-05-07 12:14:29,201] {manager.py:803} INFO - 
================================================================================
DAG File Processing Stats

File Path                      PID    Runtime      # DAGs    # Errors  Last Runtime    Last Run
-----------------------------  -----  ---------  --------  ----------  --------------  -------------------
/opt/airflow/dags/currency.py                           1           0  0.29s           2022-05-07T12:14:23
================================================================================
[2022-05-07 12:14:59,609] {manager.py:803} INFO - 
================================================================================
DAG File Processing Stats

File Path                      PID    Runtime      # DAGs    # Errors  Last Runtime    Last Run
-----------------------------  -----  ---------  --------  ----------  --------------  -------------------
/opt/airflow/dags/currency.py                           1           0  0.25s           2022-05-07T12:14:53
================================================================================
[2022-05-07 12:15:29,973] {manager.py:803} INFO - 
================================================================================
DAG File Processing Stats

File Path                      PID    Runtime      # DAGs    # Errors  Last Runtime    Last Run
-----------------------------  -----  ---------  --------  ----------  --------------  -------------------
/opt/airflow/dags/currency.py                           1           0  0.40s           2022-05-07T12:15:24
================================================================================
[2022-05-07 12:16:00,225] {manager.py:803} INFO - 
================================================================================
DAG File Processing Stats

File Path                      PID    Runtime      # DAGs    # Errors  Last Runtime    Last Run
-----------------------------  -----  ---------  --------  ----------  --------------  -------------------
/opt/airflow/dags/currency.py                           1           0  0.43s           2022-05-07T12:15:55
================================================================================
[2022-05-07 12:16:30,457] {manager.py:803} INFO - 
================================================================================
DAG File Processing Stats

File Path                      PID    Runtime      # DAGs    # Errors  Last Runtime    Last Run
-----------------------------  -----  ---------  --------  ----------  --------------  -------------------
/opt/airflow/dags/currency.py                           1           0  0.59s           2022-05-07T12:16:25
================================================================================
[2022-05-07 12:17:00,584] {manager.py:803} INFO - 
================================================================================
DAG File Processing Stats

File Path                      PID    Runtime      # DAGs    # Errors  Last Runtime    Last Run
-----------------------------  -----  ---------  --------  ----------  --------------  -------------------
/opt/airflow/dags/currency.py                           1           0  0.80s           2022-05-07T12:16:56
================================================================================
[2022-05-07 12:17:31,069] {manager.py:803} INFO - 
================================================================================
DAG File Processing Stats

File Path                      PID    Runtime      # DAGs    # Errors  Last Runtime    Last Run
-----------------------------  -----  ---------  --------  ----------  --------------  -------------------
/opt/airflow/dags/currency.py                           1           0  0.36s           2022-05-07T12:17:27
================================================================================
[2022-05-07 12:18:01,556] {manager.py:803} INFO - 
================================================================================
DAG File Processing Stats

File Path                      PID    Runtime      # DAGs    # Errors  Last Runtime    Last Run
-----------------------------  -----  ---------  --------  ----------  --------------  -------------------
/opt/airflow/dags/currency.py                           1           0  0.30s           2022-05-07T12:17:57
================================================================================
[2022-05-07 12:18:14,627] {manager.py:684} INFO - Searching for files in /opt/airflow/dags
[2022-05-07 12:18:14,655] {manager.py:687} INFO - There are 1 files in /opt/airflow/dags
[2022-05-07 12:18:31,972] {manager.py:803} INFO - 
================================================================================
DAG File Processing Stats

File Path                      PID    Runtime      # DAGs    # Errors  Last Runtime    Last Run
-----------------------------  -----  ---------  --------  ----------  --------------  -------------------
/opt/airflow/dags/currency.py                           1           0  0.35s           2022-05-07T12:18:28
================================================================================
[2022-05-07 12:19:02,387] {manager.py:803} INFO - 
================================================================================
DAG File Processing Stats

File Path                      PID    Runtime      # DAGs    # Errors  Last Runtime    Last Run
-----------------------------  -----  ---------  --------  ----------  --------------  -------------------
/opt/airflow/dags/currency.py                           1           0  0.11s           2022-05-07T12:18:58
================================================================================
[2022-05-07 12:19:32,614] {manager.py:803} INFO - 
================================================================================
DAG File Processing Stats

File Path                      PID    Runtime      # DAGs    # Errors  Last Runtime    Last Run
-----------------------------  -----  ---------  --------  ----------  --------------  -------------------
/opt/airflow/dags/currency.py                           1           0  0.17s           2022-05-07T12:19:28
================================================================================
[2022-05-07 12:20:02,869] {manager.py:803} INFO - 
================================================================================
DAG File Processing Stats

File Path                      PID    Runtime      # DAGs    # Errors  Last Runtime    Last Run
-----------------------------  -----  ---------  --------  ----------  --------------  -------------------
/opt/airflow/dags/currency.py                           1           0  0.17s           2022-05-07T12:19:58
================================================================================
[2022-05-07 12:20:33,078] {manager.py:803} INFO - 
================================================================================
DAG File Processing Stats

File Path                      PID    Runtime      # DAGs    # Errors  Last Runtime    Last Run
-----------------------------  -----  ---------  --------  ----------  --------------  -------------------
/opt/airflow/dags/currency.py                           1           0  0.13s           2022-05-07T12:20:29
================================================================================
[2022-05-07 12:21:03,302] {manager.py:803} INFO - 
================================================================================
DAG File Processing Stats

File Path                      PID    Runtime      # DAGs    # Errors  Last Runtime    Last Run
-----------------------------  -----  ---------  --------  ----------  --------------  -------------------
/opt/airflow/dags/currency.py                           1           0  0.13s           2022-05-07T12:20:59
================================================================================
[2022-05-07 12:21:33,518] {manager.py:803} INFO - 
================================================================================
DAG File Processing Stats

File Path                      PID    Runtime      # DAGs    # Errors  Last Runtime    Last Run
-----------------------------  -----  ---------  --------  ----------  --------------  -------------------
/opt/airflow/dags/currency.py                           1           0  0.18s           2022-05-07T12:21:29
================================================================================
[2022-05-07 12:22:03,810] {manager.py:803} INFO - 
================================================================================
DAG File Processing Stats

File Path                      PID    Runtime      # DAGs    # Errors  Last Runtime    Last Run
-----------------------------  -----  ---------  --------  ----------  --------------  -------------------
/opt/airflow/dags/currency.py                           1           0  0.18s           2022-05-07T12:21:59
================================================================================
[2022-05-07 12:22:34,021] {manager.py:803} INFO - 
================================================================================
DAG File Processing Stats

File Path                      PID    Runtime      # DAGs    # Errors  Last Runtime    Last Run
-----------------------------  -----  ---------  --------  ----------  --------------  -------------------
/opt/airflow/dags/currency.py                           1           0  0.15s           2022-05-07T12:22:30
================================================================================
[2022-05-07 12:23:04,247] {manager.py:803} INFO - 
================================================================================
DAG File Processing Stats

File Path                      PID    Runtime      # DAGs    # Errors  Last Runtime    Last Run
-----------------------------  -----  ---------  --------  ----------  --------------  -------------------
/opt/airflow/dags/currency.py                           1           0  0.21s           2022-05-07T12:23:00
================================================================================
[2022-05-07 12:23:15,301] {manager.py:684} INFO - Searching for files in /opt/airflow/dags
[2022-05-07 12:23:15,328] {manager.py:687} INFO - There are 1 files in /opt/airflow/dags
[2022-05-07 12:23:34,572] {manager.py:803} INFO - 
================================================================================
DAG File Processing Stats

File Path                      PID    Runtime      # DAGs    # Errors  Last Runtime    Last Run
-----------------------------  -----  ---------  --------  ----------  --------------  -------------------
/opt/airflow/dags/currency.py                           1           0  0.20s           2022-05-07T12:23:30
================================================================================
[2022-05-07 12:24:04,804] {manager.py:803} INFO - 
================================================================================
DAG File Processing Stats

File Path                      PID    Runtime      # DAGs    # Errors  Last Runtime    Last Run
-----------------------------  -----  ---------  --------  ----------  --------------  -------------------
/opt/airflow/dags/currency.py                           1           0  0.15s           2022-05-07T12:24:00
================================================================================
[2022-05-07 12:24:35,041] {manager.py:803} INFO - 
================================================================================
DAG File Processing Stats

File Path                      PID    Runtime      # DAGs    # Errors  Last Runtime    Last Run
-----------------------------  -----  ---------  --------  ----------  --------------  -------------------
/opt/airflow/dags/currency.py                           1           0  0.20s           2022-05-07T12:24:31
================================================================================
[2022-05-07 12:25:05,360] {manager.py:803} INFO - 
================================================================================
DAG File Processing Stats

File Path                      PID    Runtime      # DAGs    # Errors  Last Runtime    Last Run
-----------------------------  -----  ---------  --------  ----------  --------------  -------------------
/opt/airflow/dags/currency.py                           1           0  0.17s           2022-05-07T12:25:01
================================================================================
[2022-05-07 12:25:35,624] {manager.py:803} INFO - 
================================================================================
DAG File Processing Stats

File Path                      PID    Runtime      # DAGs    # Errors  Last Runtime    Last Run
-----------------------------  -----  ---------  --------  ----------  --------------  -------------------
/opt/airflow/dags/currency.py                           1           0  0.21s           2022-05-07T12:25:31
================================================================================
[2022-05-07 12:26:05,866] {manager.py:803} INFO - 
================================================================================
DAG File Processing Stats

File Path                      PID    Runtime      # DAGs    # Errors  Last Runtime    Last Run
-----------------------------  -----  ---------  --------  ----------  --------------  -------------------
/opt/airflow/dags/currency.py                           1           0  0.19s           2022-05-07T12:26:01
================================================================================
[2022-05-07 12:26:36,398] {manager.py:803} INFO - 
================================================================================
DAG File Processing Stats

File Path                      PID    Runtime      # DAGs    # Errors  Last Runtime    Last Run
-----------------------------  -----  ---------  --------  ----------  --------------  -------------------
/opt/airflow/dags/currency.py                           1           0  1.56s           2022-05-07T12:26:33
================================================================================
[2022-05-07 12:27:06,824] {manager.py:803} INFO - 
================================================================================
DAG File Processing Stats

File Path                      PID    Runtime      # DAGs    # Errors  Last Runtime    Last Run
-----------------------------  -----  ---------  --------  ----------  --------------  -------------------
/opt/airflow/dags/currency.py                           1           0  0.22s           2022-05-07T12:27:04
================================================================================
[2022-05-07 12:27:37,140] {manager.py:803} INFO - 
================================================================================
DAG File Processing Stats

File Path                      PID    Runtime      # DAGs    # Errors  Last Runtime    Last Run
-----------------------------  -----  ---------  --------  ----------  --------------  -------------------
/opt/airflow/dags/currency.py                           1           0  0.15s           2022-05-07T12:27:34
================================================================================
[2022-05-07 12:28:07,344] {manager.py:803} INFO - 
================================================================================
DAG File Processing Stats

File Path                      PID    Runtime      # DAGs    # Errors  Last Runtime    Last Run
-----------------------------  -----  ---------  --------  ----------  --------------  -------------------
/opt/airflow/dags/currency.py                           1           0  0.27s           2022-05-07T12:28:04
================================================================================
[2022-05-07 12:28:15,385] {manager.py:684} INFO - Searching for files in /opt/airflow/dags
[2022-05-07 12:28:15,417] {manager.py:687} INFO - There are 1 files in /opt/airflow/dags
[2022-05-07 12:28:37,685] {manager.py:803} INFO - 
================================================================================
DAG File Processing Stats

File Path                      PID    Runtime      # DAGs    # Errors  Last Runtime    Last Run
-----------------------------  -----  ---------  --------  ----------  --------------  -------------------
/opt/airflow/dags/currency.py                           1           0  0.32s           2022-05-07T12:28:34
================================================================================
[2022-05-07 12:29:08,056] {manager.py:803} INFO - 
================================================================================
DAG File Processing Stats

File Path                      PID    Runtime      # DAGs    # Errors  Last Runtime    Last Run
-----------------------------  -----  ---------  --------  ----------  --------------  -------------------
/opt/airflow/dags/currency.py                           1           0  0.27s           2022-05-07T12:29:05
================================================================================
[2022-05-07 12:29:38,426] {manager.py:803} INFO - 
================================================================================
DAG File Processing Stats

File Path                      PID    Runtime      # DAGs    # Errors  Last Runtime    Last Run
-----------------------------  -----  ---------  --------  ----------  --------------  -------------------
/opt/airflow/dags/currency.py                           1           0  0.16s           2022-05-07T12:29:35
================================================================================
[2022-05-07 12:30:08,687] {manager.py:803} INFO - 
================================================================================
DAG File Processing Stats

File Path                      PID    Runtime      # DAGs    # Errors  Last Runtime    Last Run
-----------------------------  -----  ---------  --------  ----------  --------------  -------------------
/opt/airflow/dags/currency.py                           1           0  0.16s           2022-05-07T12:30:05
================================================================================
[2022-05-07 12:30:31,992] {manager.py:455} INFO - Exiting gracefully upon receiving signal 15
