[2022-05-07 12:11:00,612] {taskinstance.py:1159} INFO - Dependencies all met for <TaskInstance: hello_world.hello_task scheduled__2022-05-07T12:10:00+00:00 [queued]>
[2022-05-07 12:11:00,619] {taskinstance.py:1159} INFO - Dependencies all met for <TaskInstance: hello_world.hello_task scheduled__2022-05-07T12:10:00+00:00 [queued]>
[2022-05-07 12:11:00,619] {taskinstance.py:1356} INFO - 
--------------------------------------------------------------------------------
[2022-05-07 12:11:00,620] {taskinstance.py:1357} INFO - Starting attempt 1 of 1
[2022-05-07 12:11:00,621] {taskinstance.py:1358} INFO - 
--------------------------------------------------------------------------------
[2022-05-07 12:11:00,634] {taskinstance.py:1377} INFO - Executing <Task(PythonOperator): hello_task> on 2022-05-07 12:10:00+00:00
[2022-05-07 12:11:00,638] {standard_task_runner.py:52} INFO - Started process 1885 to run task
[2022-05-07 12:11:00,641] {standard_task_runner.py:79} INFO - Running: ['***', 'tasks', 'run', 'hello_world', 'hello_task', 'scheduled__2022-05-07T12:10:00+00:00', '--job-id', '8', '--raw', '--subdir', 'DAGS_FOLDER/currency.py', '--cfg-path', '/tmp/tmpc59qyh2_', '--error-file', '/tmp/tmpxbnm1qqt']
[2022-05-07 12:11:00,642] {standard_task_runner.py:80} INFO - Job 8: Subtask hello_task
[2022-05-07 12:11:00,687] {task_command.py:369} INFO - Running <TaskInstance: hello_world.hello_task scheduled__2022-05-07T12:10:00+00:00 [running]> on host e1dde06f7318
[2022-05-07 12:11:00,736] {taskinstance.py:1571} INFO - Exporting the following env vars:
AIRFLOW_CTX_DAG_OWNER=***
AIRFLOW_CTX_DAG_ID=hello_world
AIRFLOW_CTX_TASK_ID=hello_task
AIRFLOW_CTX_EXECUTION_DATE=2022-05-07T12:10:00+00:00
AIRFLOW_CTX_TRY_NUMBER=1
AIRFLOW_CTX_DAG_RUN_ID=scheduled__2022-05-07T12:10:00+00:00
[2022-05-07 12:11:00,738] {python.py:173} INFO - Done. Returned value was: Hello world from first Airflow DAG!
[2022-05-07 12:11:00,754] {taskinstance.py:1400} INFO - Marking task as SUCCESS. dag_id=hello_world, task_id=hello_task, execution_date=20220507T121000, start_date=20220507T121100, end_date=20220507T121100
[2022-05-07 12:11:00,816] {local_task_job.py:156} INFO - Task exited with return code 0
[2022-05-07 12:11:00,841] {local_task_job.py:273} INFO - 1 downstream tasks scheduled from follow-on schedule check
