[2022-05-07 12:23:01,568] {taskinstance.py:1159} INFO - Dependencies all met for <TaskInstance: hello_world.bye_task scheduled__2022-05-07T12:22:00+00:00 [queued]>
[2022-05-07 12:23:01,583] {taskinstance.py:1159} INFO - Dependencies all met for <TaskInstance: hello_world.bye_task scheduled__2022-05-07T12:22:00+00:00 [queued]>
[2022-05-07 12:23:01,586] {taskinstance.py:1356} INFO - 
--------------------------------------------------------------------------------
[2022-05-07 12:23:01,588] {taskinstance.py:1357} INFO - Starting attempt 1 of 1
[2022-05-07 12:23:01,589] {taskinstance.py:1358} INFO - 
--------------------------------------------------------------------------------
[2022-05-07 12:23:01,607] {taskinstance.py:1377} INFO - Executing <Task(PythonOperator): bye_task> on 2022-05-07 12:22:00+00:00
[2022-05-07 12:23:01,618] {standard_task_runner.py:52} INFO - Started process 2599 to run task
[2022-05-07 12:23:01,624] {standard_task_runner.py:79} INFO - Running: ['***', 'tasks', 'run', 'hello_world', 'bye_task', 'scheduled__2022-05-07T12:22:00+00:00', '--job-id', '33', '--raw', '--subdir', 'DAGS_FOLDER/currency.py', '--cfg-path', '/tmp/tmprxketxjc', '--error-file', '/tmp/tmpj8jpqivc']
[2022-05-07 12:23:01,626] {standard_task_runner.py:80} INFO - Job 33: Subtask bye_task
[2022-05-07 12:23:01,721] {task_command.py:369} INFO - Running <TaskInstance: hello_world.bye_task scheduled__2022-05-07T12:22:00+00:00 [running]> on host e1dde06f7318
[2022-05-07 12:23:01,823] {taskinstance.py:1571} INFO - Exporting the following env vars:
AIRFLOW_CTX_DAG_OWNER=***
AIRFLOW_CTX_DAG_ID=hello_world
AIRFLOW_CTX_TASK_ID=bye_task
AIRFLOW_CTX_EXECUTION_DATE=2022-05-07T12:22:00+00:00
AIRFLOW_CTX_TRY_NUMBER=1
AIRFLOW_CTX_DAG_RUN_ID=scheduled__2022-05-07T12:22:00+00:00
[2022-05-07 12:23:01,828] {python.py:173} INFO - Done. Returned value was: That`s all folks!
[2022-05-07 12:23:01,882] {taskinstance.py:1400} INFO - Marking task as SUCCESS. dag_id=hello_world, task_id=bye_task, execution_date=20220507T122200, start_date=20220507T122301, end_date=20220507T122301
[2022-05-07 12:23:01,922] {local_task_job.py:156} INFO - Task exited with return code 0
[2022-05-07 12:23:01,993] {local_task_job.py:273} INFO - 0 downstream tasks scheduled from follow-on schedule check
