[2022-05-07 12:25:01,347] {taskinstance.py:1159} INFO - Dependencies all met for <TaskInstance: hello_world.hello_task scheduled__2022-05-07T12:24:00+00:00 [queued]>
[2022-05-07 12:25:01,358] {taskinstance.py:1159} INFO - Dependencies all met for <TaskInstance: hello_world.hello_task scheduled__2022-05-07T12:24:00+00:00 [queued]>
[2022-05-07 12:25:01,360] {taskinstance.py:1356} INFO - 
--------------------------------------------------------------------------------
[2022-05-07 12:25:01,361] {taskinstance.py:1357} INFO - Starting attempt 1 of 1
[2022-05-07 12:25:01,362] {taskinstance.py:1358} INFO - 
--------------------------------------------------------------------------------
[2022-05-07 12:25:01,377] {taskinstance.py:1377} INFO - Executing <Task(PythonOperator): hello_task> on 2022-05-07 12:24:00+00:00
[2022-05-07 12:25:01,385] {standard_task_runner.py:52} INFO - Started process 2716 to run task
[2022-05-07 12:25:01,394] {standard_task_runner.py:79} INFO - Running: ['***', 'tasks', 'run', 'hello_world', 'hello_task', 'scheduled__2022-05-07T12:24:00+00:00', '--job-id', '36', '--raw', '--subdir', 'DAGS_FOLDER/currency.py', '--cfg-path', '/tmp/tmp7y9s3ipu', '--error-file', '/tmp/tmp4hqgzlb0']
[2022-05-07 12:25:01,396] {standard_task_runner.py:80} INFO - Job 36: Subtask hello_task
[2022-05-07 12:25:01,463] {task_command.py:369} INFO - Running <TaskInstance: hello_world.hello_task scheduled__2022-05-07T12:24:00+00:00 [running]> on host e1dde06f7318
[2022-05-07 12:25:01,519] {taskinstance.py:1571} INFO - Exporting the following env vars:
AIRFLOW_CTX_DAG_OWNER=***
AIRFLOW_CTX_DAG_ID=hello_world
AIRFLOW_CTX_TASK_ID=hello_task
AIRFLOW_CTX_EXECUTION_DATE=2022-05-07T12:24:00+00:00
AIRFLOW_CTX_TRY_NUMBER=1
AIRFLOW_CTX_DAG_RUN_ID=scheduled__2022-05-07T12:24:00+00:00
[2022-05-07 12:25:01,522] {python.py:173} INFO - Done. Returned value was: Hello world from first Airflow DAG!
[2022-05-07 12:25:01,541] {taskinstance.py:1400} INFO - Marking task as SUCCESS. dag_id=hello_world, task_id=hello_task, execution_date=20220507T122400, start_date=20220507T122501, end_date=20220507T122501
[2022-05-07 12:25:01,570] {local_task_job.py:156} INFO - Task exited with return code 0
[2022-05-07 12:25:01,593] {local_task_job.py:273} INFO - 1 downstream tasks scheduled from follow-on schedule check
