[2022-05-07 12:17:00,539] {taskinstance.py:1159} INFO - Dependencies all met for <TaskInstance: hello_world.hello_task scheduled__2022-05-07T12:16:00+00:00 [queued]>
[2022-05-07 12:17:00,546] {taskinstance.py:1159} INFO - Dependencies all met for <TaskInstance: hello_world.hello_task scheduled__2022-05-07T12:16:00+00:00 [queued]>
[2022-05-07 12:17:00,547] {taskinstance.py:1356} INFO - 
--------------------------------------------------------------------------------
[2022-05-07 12:17:00,547] {taskinstance.py:1357} INFO - Starting attempt 1 of 1
[2022-05-07 12:17:00,548] {taskinstance.py:1358} INFO - 
--------------------------------------------------------------------------------
[2022-05-07 12:17:00,557] {taskinstance.py:1377} INFO - Executing <Task(PythonOperator): hello_task> on 2022-05-07 12:16:00+00:00
[2022-05-07 12:17:00,561] {standard_task_runner.py:52} INFO - Started process 2250 to run task
[2022-05-07 12:17:00,565] {standard_task_runner.py:79} INFO - Running: ['***', 'tasks', 'run', 'hello_world', 'hello_task', 'scheduled__2022-05-07T12:16:00+00:00', '--job-id', '20', '--raw', '--subdir', 'DAGS_FOLDER/currency.py', '--cfg-path', '/tmp/tmp5efnilhf', '--error-file', '/tmp/tmps6_0a6eh']
[2022-05-07 12:17:00,566] {standard_task_runner.py:80} INFO - Job 20: Subtask hello_task
[2022-05-07 12:17:00,610] {task_command.py:369} INFO - Running <TaskInstance: hello_world.hello_task scheduled__2022-05-07T12:16:00+00:00 [running]> on host e1dde06f7318
[2022-05-07 12:17:00,659] {taskinstance.py:1571} INFO - Exporting the following env vars:
AIRFLOW_CTX_DAG_OWNER=***
AIRFLOW_CTX_DAG_ID=hello_world
AIRFLOW_CTX_TASK_ID=hello_task
AIRFLOW_CTX_EXECUTION_DATE=2022-05-07T12:16:00+00:00
AIRFLOW_CTX_TRY_NUMBER=1
AIRFLOW_CTX_DAG_RUN_ID=scheduled__2022-05-07T12:16:00+00:00
[2022-05-07 12:17:00,661] {python.py:173} INFO - Done. Returned value was: Hello world from first Airflow DAG!
[2022-05-07 12:17:00,677] {taskinstance.py:1400} INFO - Marking task as SUCCESS. dag_id=hello_world, task_id=hello_task, execution_date=20220507T121600, start_date=20220507T121700, end_date=20220507T121700
[2022-05-07 12:17:00,700] {local_task_job.py:156} INFO - Task exited with return code 0
[2022-05-07 12:17:00,721] {local_task_job.py:273} INFO - 1 downstream tasks scheduled from follow-on schedule check
