[2022-05-07 12:12:02,177] {taskinstance.py:1159} INFO - Dependencies all met for <TaskInstance: hello_world.bye_task scheduled__2022-05-07T12:11:00+00:00 [queued]>
[2022-05-07 12:12:02,183] {taskinstance.py:1159} INFO - Dependencies all met for <TaskInstance: hello_world.bye_task scheduled__2022-05-07T12:11:00+00:00 [queued]>
[2022-05-07 12:12:02,184] {taskinstance.py:1356} INFO - 
--------------------------------------------------------------------------------
[2022-05-07 12:12:02,184] {taskinstance.py:1357} INFO - Starting attempt 1 of 1
[2022-05-07 12:12:02,185] {taskinstance.py:1358} INFO - 
--------------------------------------------------------------------------------
[2022-05-07 12:12:02,194] {taskinstance.py:1377} INFO - Executing <Task(PythonOperator): bye_task> on 2022-05-07 12:11:00+00:00
[2022-05-07 12:12:02,198] {standard_task_runner.py:52} INFO - Started process 1950 to run task
[2022-05-07 12:12:02,200] {standard_task_runner.py:79} INFO - Running: ['***', 'tasks', 'run', 'hello_world', 'bye_task', 'scheduled__2022-05-07T12:11:00+00:00', '--job-id', '11', '--raw', '--subdir', 'DAGS_FOLDER/currency.py', '--cfg-path', '/tmp/tmpplrux3lv', '--error-file', '/tmp/tmpizw15slm']
[2022-05-07 12:12:02,202] {standard_task_runner.py:80} INFO - Job 11: Subtask bye_task
[2022-05-07 12:12:02,240] {task_command.py:369} INFO - Running <TaskInstance: hello_world.bye_task scheduled__2022-05-07T12:11:00+00:00 [running]> on host e1dde06f7318
[2022-05-07 12:12:02,280] {taskinstance.py:1571} INFO - Exporting the following env vars:
AIRFLOW_CTX_DAG_OWNER=***
AIRFLOW_CTX_DAG_ID=hello_world
AIRFLOW_CTX_TASK_ID=bye_task
AIRFLOW_CTX_EXECUTION_DATE=2022-05-07T12:11:00+00:00
AIRFLOW_CTX_TRY_NUMBER=1
AIRFLOW_CTX_DAG_RUN_ID=scheduled__2022-05-07T12:11:00+00:00
[2022-05-07 12:12:02,282] {python.py:173} INFO - Done. Returned value was: That`s all folks!
[2022-05-07 12:12:02,297] {taskinstance.py:1400} INFO - Marking task as SUCCESS. dag_id=hello_world, task_id=bye_task, execution_date=20220507T121100, start_date=20220507T121202, end_date=20220507T121202
[2022-05-07 12:12:02,333] {local_task_job.py:156} INFO - Task exited with return code 0
[2022-05-07 12:12:02,351] {local_task_job.py:273} INFO - 0 downstream tasks scheduled from follow-on schedule check
