[2022-05-07 12:16:01,093] {taskinstance.py:1159} INFO - Dependencies all met for <TaskInstance: hello_world.hello_task scheduled__2022-05-07T12:15:00+00:00 [queued]>
[2022-05-07 12:16:01,108] {taskinstance.py:1159} INFO - Dependencies all met for <TaskInstance: hello_world.hello_task scheduled__2022-05-07T12:15:00+00:00 [queued]>
[2022-05-07 12:16:01,110] {taskinstance.py:1356} INFO - 
--------------------------------------------------------------------------------
[2022-05-07 12:16:01,111] {taskinstance.py:1357} INFO - Starting attempt 1 of 1
[2022-05-07 12:16:01,112] {taskinstance.py:1358} INFO - 
--------------------------------------------------------------------------------
[2022-05-07 12:16:01,130] {taskinstance.py:1377} INFO - Executing <Task(PythonOperator): hello_task> on 2022-05-07 12:15:00+00:00
[2022-05-07 12:16:01,138] {standard_task_runner.py:52} INFO - Started process 2191 to run task
[2022-05-07 12:16:01,147] {standard_task_runner.py:79} INFO - Running: ['***', 'tasks', 'run', 'hello_world', 'hello_task', 'scheduled__2022-05-07T12:15:00+00:00', '--job-id', '18', '--raw', '--subdir', 'DAGS_FOLDER/currency.py', '--cfg-path', '/tmp/tmpauumz5v6', '--error-file', '/tmp/tmpbbfbo0lf']
[2022-05-07 12:16:01,149] {standard_task_runner.py:80} INFO - Job 18: Subtask hello_task
[2022-05-07 12:16:01,208] {task_command.py:369} INFO - Running <TaskInstance: hello_world.hello_task scheduled__2022-05-07T12:15:00+00:00 [running]> on host e1dde06f7318
[2022-05-07 12:16:01,252] {taskinstance.py:1571} INFO - Exporting the following env vars:
AIRFLOW_CTX_DAG_OWNER=***
AIRFLOW_CTX_DAG_ID=hello_world
AIRFLOW_CTX_TASK_ID=hello_task
AIRFLOW_CTX_EXECUTION_DATE=2022-05-07T12:15:00+00:00
AIRFLOW_CTX_TRY_NUMBER=1
AIRFLOW_CTX_DAG_RUN_ID=scheduled__2022-05-07T12:15:00+00:00
[2022-05-07 12:16:01,254] {python.py:173} INFO - Done. Returned value was: Hello world from first Airflow DAG!
[2022-05-07 12:16:01,270] {taskinstance.py:1400} INFO - Marking task as SUCCESS. dag_id=hello_world, task_id=hello_task, execution_date=20220507T121500, start_date=20220507T121601, end_date=20220507T121601
[2022-05-07 12:16:01,319] {local_task_job.py:156} INFO - Task exited with return code 0
[2022-05-07 12:16:01,349] {local_task_job.py:273} INFO - 1 downstream tasks scheduled from follow-on schedule check
