[2022-05-07 11:58:12,633] {processor.py:153} INFO - Started process (PID=1182) to work on /opt/airflow/dags/currency.py
[2022-05-07 11:58:12,636] {processor.py:641} INFO - Processing file /opt/airflow/dags/currency.py for tasks to queue
[2022-05-07 11:58:12,640] {logging_mixin.py:115} INFO - [2022-05-07 11:58:12,639] {dagbag.py:507} INFO - Filling up the DagBag from /opt/airflow/dags/currency.py
[2022-05-07 11:58:12,819] {processor.py:651} INFO - DAG(s) dict_keys(['hello_world']) retrieved from /opt/airflow/dags/currency.py
[2022-05-07 11:58:14,015] {logging_mixin.py:115} INFO - [2022-05-07 11:58:14,015] {manager.py:508} INFO - Created Permission View: can delete on DAG:hello_world
[2022-05-07 11:58:14,024] {logging_mixin.py:115} INFO - [2022-05-07 11:58:14,024] {manager.py:508} INFO - Created Permission View: can read on DAG:hello_world
[2022-05-07 11:58:14,028] {logging_mixin.py:115} INFO - [2022-05-07 11:58:14,028] {manager.py:508} INFO - Created Permission View: can edit on DAG:hello_world
[2022-05-07 11:58:14,029] {logging_mixin.py:115} INFO - [2022-05-07 11:58:14,029] {dag.py:2371} INFO - Sync 1 DAGs
[2022-05-07 11:58:14,034] {logging_mixin.py:115} INFO - [2022-05-07 11:58:14,034] {dag.py:2390} INFO - Creating ORM DAG for hello_world
[2022-05-07 11:58:14,042] {logging_mixin.py:115} INFO - [2022-05-07 11:58:14,042] {dag.py:2919} INFO - Setting next_dagrun for hello_world to 2022-05-05T12:00:00+00:00, run_after=2022-05-06T12:00:00+00:00
[2022-05-07 11:58:14,051] {processor.py:161} INFO - Processing /opt/airflow/dags/currency.py took 1.432 seconds
[2022-05-07 11:58:44,264] {processor.py:153} INFO - Started process (PID=1212) to work on /opt/airflow/dags/currency.py
[2022-05-07 11:58:44,270] {processor.py:641} INFO - Processing file /opt/airflow/dags/currency.py for tasks to queue
[2022-05-07 11:58:44,271] {logging_mixin.py:115} INFO - [2022-05-07 11:58:44,271] {dagbag.py:507} INFO - Filling up the DagBag from /opt/airflow/dags/currency.py
[2022-05-07 11:58:44,299] {processor.py:651} INFO - DAG(s) dict_keys(['hello_world']) retrieved from /opt/airflow/dags/currency.py
[2022-05-07 11:58:44,325] {logging_mixin.py:115} INFO - [2022-05-07 11:58:44,325] {dag.py:2371} INFO - Sync 1 DAGs
[2022-05-07 11:58:44,534] {logging_mixin.py:115} INFO - [2022-05-07 11:58:44,534] {dag.py:2919} INFO - Setting next_dagrun for hello_world to 2022-05-05T12:00:00+00:00, run_after=2022-05-06T12:00:00+00:00
[2022-05-07 11:58:44,541] {processor.py:161} INFO - Processing /opt/airflow/dags/currency.py took 0.282 seconds
[2022-05-07 11:59:14,740] {processor.py:153} INFO - Started process (PID=1233) to work on /opt/airflow/dags/currency.py
[2022-05-07 11:59:14,742] {processor.py:641} INFO - Processing file /opt/airflow/dags/currency.py for tasks to queue
[2022-05-07 11:59:14,743] {logging_mixin.py:115} INFO - [2022-05-07 11:59:14,743] {dagbag.py:507} INFO - Filling up the DagBag from /opt/airflow/dags/currency.py
[2022-05-07 11:59:14,768] {processor.py:651} INFO - DAG(s) dict_keys(['hello_world']) retrieved from /opt/airflow/dags/currency.py
[2022-05-07 11:59:14,818] {logging_mixin.py:115} INFO - [2022-05-07 11:59:14,817] {dag.py:2371} INFO - Sync 1 DAGs
[2022-05-07 11:59:15,072] {logging_mixin.py:115} INFO - [2022-05-07 11:59:15,072] {dag.py:2919} INFO - Setting next_dagrun for hello_world to 2022-05-05T12:00:00+00:00, run_after=2022-05-06T12:00:00+00:00
[2022-05-07 11:59:15,080] {processor.py:161} INFO - Processing /opt/airflow/dags/currency.py took 0.349 seconds
[2022-05-07 11:59:45,273] {processor.py:153} INFO - Started process (PID=1268) to work on /opt/airflow/dags/currency.py
[2022-05-07 11:59:45,277] {processor.py:641} INFO - Processing file /opt/airflow/dags/currency.py for tasks to queue
[2022-05-07 11:59:45,279] {logging_mixin.py:115} INFO - [2022-05-07 11:59:45,279] {dagbag.py:507} INFO - Filling up the DagBag from /opt/airflow/dags/currency.py
[2022-05-07 11:59:45,303] {processor.py:651} INFO - DAG(s) dict_keys(['hello_world']) retrieved from /opt/airflow/dags/currency.py
[2022-05-07 11:59:45,343] {logging_mixin.py:115} INFO - [2022-05-07 11:59:45,343] {dag.py:2371} INFO - Sync 1 DAGs
[2022-05-07 11:59:45,566] {logging_mixin.py:115} INFO - [2022-05-07 11:59:45,566] {dag.py:2919} INFO - Setting next_dagrun for hello_world to 2022-05-05T12:00:00+00:00, run_after=2022-05-06T12:00:00+00:00
[2022-05-07 11:59:45,575] {processor.py:161} INFO - Processing /opt/airflow/dags/currency.py took 0.307 seconds
[2022-05-07 12:00:11,718] {processor.py:153} INFO - Started process (PID=1302) to work on /opt/airflow/dags/currency.py
[2022-05-07 12:00:11,720] {processor.py:641} INFO - Processing file /opt/airflow/dags/currency.py for tasks to queue
[2022-05-07 12:00:11,721] {logging_mixin.py:115} INFO - [2022-05-07 12:00:11,721] {dagbag.py:507} INFO - Filling up the DagBag from /opt/airflow/dags/currency.py
[2022-05-07 12:00:11,747] {processor.py:651} INFO - DAG(s) dict_keys(['hello_world']) retrieved from /opt/airflow/dags/currency.py
[2022-05-07 12:00:11,954] {logging_mixin.py:115} INFO - [2022-05-07 12:00:11,954] {dag.py:2371} INFO - Sync 1 DAGs
[2022-05-07 12:00:11,964] {logging_mixin.py:115} INFO - [2022-05-07 12:00:11,964] {dag.py:2919} INFO - Setting next_dagrun for hello_world to 2022-05-07T10:01:00+00:00, run_after=2022-05-07T11:01:00+00:00
[2022-05-07 12:00:11,974] {processor.py:161} INFO - Processing /opt/airflow/dags/currency.py took 0.260 seconds
[2022-05-07 12:00:42,281] {processor.py:153} INFO - Started process (PID=1324) to work on /opt/airflow/dags/currency.py
[2022-05-07 12:00:42,289] {processor.py:641} INFO - Processing file /opt/airflow/dags/currency.py for tasks to queue
[2022-05-07 12:00:42,297] {logging_mixin.py:115} INFO - [2022-05-07 12:00:42,297] {dagbag.py:507} INFO - Filling up the DagBag from /opt/airflow/dags/currency.py
[2022-05-07 12:00:42,364] {processor.py:651} INFO - DAG(s) dict_keys(['hello_world']) retrieved from /opt/airflow/dags/currency.py
[2022-05-07 12:00:42,468] {logging_mixin.py:115} INFO - [2022-05-07 12:00:42,468] {dag.py:2371} INFO - Sync 1 DAGs
[2022-05-07 12:00:42,731] {logging_mixin.py:115} INFO - [2022-05-07 12:00:42,731] {dag.py:2919} INFO - Setting next_dagrun for hello_world to 2022-05-07T10:01:00+00:00, run_after=2022-05-07T11:01:00+00:00
[2022-05-07 12:00:42,739] {processor.py:161} INFO - Processing /opt/airflow/dags/currency.py took 0.475 seconds
[2022-05-07 12:01:13,123] {processor.py:153} INFO - Started process (PID=1352) to work on /opt/airflow/dags/currency.py
[2022-05-07 12:01:13,127] {processor.py:641} INFO - Processing file /opt/airflow/dags/currency.py for tasks to queue
[2022-05-07 12:01:13,129] {logging_mixin.py:115} INFO - [2022-05-07 12:01:13,129] {dagbag.py:507} INFO - Filling up the DagBag from /opt/airflow/dags/currency.py
[2022-05-07 12:01:13,159] {processor.py:651} INFO - DAG(s) dict_keys(['hello_world']) retrieved from /opt/airflow/dags/currency.py
[2022-05-07 12:01:13,201] {logging_mixin.py:115} INFO - [2022-05-07 12:01:13,201] {dag.py:2371} INFO - Sync 1 DAGs
[2022-05-07 12:01:13,433] {logging_mixin.py:115} INFO - [2022-05-07 12:01:13,433] {dag.py:2919} INFO - Setting next_dagrun for hello_world to 2022-05-07T11:01:00+00:00, run_after=2022-05-07T12:01:00+00:00
[2022-05-07 12:01:13,440] {processor.py:161} INFO - Processing /opt/airflow/dags/currency.py took 0.326 seconds
[2022-05-07 12:01:43,639] {processor.py:153} INFO - Started process (PID=1391) to work on /opt/airflow/dags/currency.py
[2022-05-07 12:01:43,641] {processor.py:641} INFO - Processing file /opt/airflow/dags/currency.py for tasks to queue
[2022-05-07 12:01:43,643] {logging_mixin.py:115} INFO - [2022-05-07 12:01:43,643] {dagbag.py:507} INFO - Filling up the DagBag from /opt/airflow/dags/currency.py
[2022-05-07 12:01:43,663] {processor.py:651} INFO - DAG(s) dict_keys(['hello_world']) retrieved from /opt/airflow/dags/currency.py
[2022-05-07 12:01:43,691] {logging_mixin.py:115} INFO - [2022-05-07 12:01:43,691] {dag.py:2371} INFO - Sync 1 DAGs
[2022-05-07 12:01:43,877] {logging_mixin.py:115} INFO - [2022-05-07 12:01:43,877] {dag.py:2919} INFO - Setting next_dagrun for hello_world to 2022-05-07T12:01:00+00:00, run_after=2022-05-07T13:01:00+00:00
[2022-05-07 12:01:43,885] {processor.py:161} INFO - Processing /opt/airflow/dags/currency.py took 0.254 seconds
[2022-05-07 12:02:14,089] {processor.py:153} INFO - Started process (PID=1422) to work on /opt/airflow/dags/currency.py
[2022-05-07 12:02:14,093] {processor.py:641} INFO - Processing file /opt/airflow/dags/currency.py for tasks to queue
[2022-05-07 12:02:14,096] {logging_mixin.py:115} INFO - [2022-05-07 12:02:14,096] {dagbag.py:507} INFO - Filling up the DagBag from /opt/airflow/dags/currency.py
[2022-05-07 12:02:14,129] {processor.py:651} INFO - DAG(s) dict_keys(['hello_world']) retrieved from /opt/airflow/dags/currency.py
[2022-05-07 12:02:14,186] {logging_mixin.py:115} INFO - [2022-05-07 12:02:14,186] {dag.py:2371} INFO - Sync 1 DAGs
[2022-05-07 12:02:14,789] {logging_mixin.py:115} INFO - [2022-05-07 12:02:14,789] {dag.py:2919} INFO - Setting next_dagrun for hello_world to 2022-05-07T12:01:00+00:00, run_after=2022-05-07T13:01:00+00:00
[2022-05-07 12:02:14,835] {processor.py:161} INFO - Processing /opt/airflow/dags/currency.py took 0.759 seconds
[2022-05-07 12:02:45,011] {processor.py:153} INFO - Started process (PID=1447) to work on /opt/airflow/dags/currency.py
[2022-05-07 12:02:45,013] {processor.py:641} INFO - Processing file /opt/airflow/dags/currency.py for tasks to queue
[2022-05-07 12:02:45,014] {logging_mixin.py:115} INFO - [2022-05-07 12:02:45,014] {dagbag.py:507} INFO - Filling up the DagBag from /opt/airflow/dags/currency.py
[2022-05-07 12:02:45,033] {processor.py:651} INFO - DAG(s) dict_keys(['hello_world']) retrieved from /opt/airflow/dags/currency.py
[2022-05-07 12:02:45,068] {logging_mixin.py:115} INFO - [2022-05-07 12:02:45,068] {dag.py:2371} INFO - Sync 1 DAGs
[2022-05-07 12:02:45,306] {logging_mixin.py:115} INFO - [2022-05-07 12:02:45,306] {dag.py:2919} INFO - Setting next_dagrun for hello_world to 2022-05-07T12:01:00+00:00, run_after=2022-05-07T13:01:00+00:00
[2022-05-07 12:02:45,317] {processor.py:161} INFO - Processing /opt/airflow/dags/currency.py took 0.311 seconds
[2022-05-07 12:03:15,496] {processor.py:153} INFO - Started process (PID=1476) to work on /opt/airflow/dags/currency.py
[2022-05-07 12:03:15,499] {processor.py:641} INFO - Processing file /opt/airflow/dags/currency.py for tasks to queue
[2022-05-07 12:03:15,501] {logging_mixin.py:115} INFO - [2022-05-07 12:03:15,501] {dagbag.py:507} INFO - Filling up the DagBag from /opt/airflow/dags/currency.py
[2022-05-07 12:03:15,525] {processor.py:651} INFO - DAG(s) dict_keys(['hello_world']) retrieved from /opt/airflow/dags/currency.py
[2022-05-07 12:03:15,552] {logging_mixin.py:115} INFO - [2022-05-07 12:03:15,552] {dag.py:2371} INFO - Sync 1 DAGs
[2022-05-07 12:03:15,750] {logging_mixin.py:115} INFO - [2022-05-07 12:03:15,750] {dag.py:2919} INFO - Setting next_dagrun for hello_world to 2022-05-07T12:01:00+00:00, run_after=2022-05-07T13:01:00+00:00
[2022-05-07 12:03:15,758] {processor.py:161} INFO - Processing /opt/airflow/dags/currency.py took 0.266 seconds
[2022-05-07 12:03:45,935] {processor.py:153} INFO - Started process (PID=1509) to work on /opt/airflow/dags/currency.py
[2022-05-07 12:03:45,938] {processor.py:641} INFO - Processing file /opt/airflow/dags/currency.py for tasks to queue
[2022-05-07 12:03:45,941] {logging_mixin.py:115} INFO - [2022-05-07 12:03:45,941] {dagbag.py:507} INFO - Filling up the DagBag from /opt/airflow/dags/currency.py
[2022-05-07 12:03:45,967] {processor.py:651} INFO - DAG(s) dict_keys(['hello_world']) retrieved from /opt/airflow/dags/currency.py
[2022-05-07 12:03:46,007] {logging_mixin.py:115} INFO - [2022-05-07 12:03:46,007] {dag.py:2371} INFO - Sync 1 DAGs
[2022-05-07 12:03:46,190] {logging_mixin.py:115} INFO - [2022-05-07 12:03:46,189] {dag.py:2919} INFO - Setting next_dagrun for hello_world to 2022-05-07T12:01:00+00:00, run_after=2022-05-07T13:01:00+00:00
[2022-05-07 12:03:46,197] {processor.py:161} INFO - Processing /opt/airflow/dags/currency.py took 0.269 seconds
[2022-05-07 12:04:16,347] {processor.py:153} INFO - Started process (PID=1540) to work on /opt/airflow/dags/currency.py
[2022-05-07 12:04:16,349] {processor.py:641} INFO - Processing file /opt/airflow/dags/currency.py for tasks to queue
[2022-05-07 12:04:16,386] {logging_mixin.py:115} INFO - [2022-05-07 12:04:16,385] {dagbag.py:507} INFO - Filling up the DagBag from /opt/airflow/dags/currency.py
[2022-05-07 12:04:16,400] {processor.py:651} INFO - DAG(s) dict_keys(['hello_world']) retrieved from /opt/airflow/dags/currency.py
[2022-05-07 12:04:16,432] {logging_mixin.py:115} INFO - [2022-05-07 12:04:16,432] {dag.py:2371} INFO - Sync 1 DAGs
[2022-05-07 12:04:16,655] {logging_mixin.py:115} INFO - [2022-05-07 12:04:16,655] {dag.py:2919} INFO - Setting next_dagrun for hello_world to 2022-05-07T12:01:00+00:00, run_after=2022-05-07T13:01:00+00:00
[2022-05-07 12:04:16,668] {processor.py:161} INFO - Processing /opt/airflow/dags/currency.py took 0.325 seconds
[2022-05-07 12:04:46,874] {processor.py:153} INFO - Started process (PID=1564) to work on /opt/airflow/dags/currency.py
[2022-05-07 12:04:46,876] {processor.py:641} INFO - Processing file /opt/airflow/dags/currency.py for tasks to queue
[2022-05-07 12:04:46,878] {logging_mixin.py:115} INFO - [2022-05-07 12:04:46,878] {dagbag.py:507} INFO - Filling up the DagBag from /opt/airflow/dags/currency.py
[2022-05-07 12:04:46,900] {processor.py:651} INFO - DAG(s) dict_keys(['hello_world']) retrieved from /opt/airflow/dags/currency.py
[2022-05-07 12:04:46,935] {logging_mixin.py:115} INFO - [2022-05-07 12:04:46,935] {dag.py:2371} INFO - Sync 1 DAGs
[2022-05-07 12:04:47,142] {logging_mixin.py:115} INFO - [2022-05-07 12:04:47,142] {dag.py:2919} INFO - Setting next_dagrun for hello_world to 2022-05-07T12:01:00+00:00, run_after=2022-05-07T13:01:00+00:00
[2022-05-07 12:04:47,154] {processor.py:161} INFO - Processing /opt/airflow/dags/currency.py took 0.287 seconds
[2022-05-07 12:05:17,341] {processor.py:153} INFO - Started process (PID=1599) to work on /opt/airflow/dags/currency.py
[2022-05-07 12:05:17,345] {processor.py:641} INFO - Processing file /opt/airflow/dags/currency.py for tasks to queue
[2022-05-07 12:05:17,347] {logging_mixin.py:115} INFO - [2022-05-07 12:05:17,347] {dagbag.py:507} INFO - Filling up the DagBag from /opt/airflow/dags/currency.py
[2022-05-07 12:05:17,377] {processor.py:651} INFO - DAG(s) dict_keys(['hello_world']) retrieved from /opt/airflow/dags/currency.py
[2022-05-07 12:05:17,425] {logging_mixin.py:115} INFO - [2022-05-07 12:05:17,425] {dag.py:2371} INFO - Sync 1 DAGs
[2022-05-07 12:05:17,648] {logging_mixin.py:115} INFO - [2022-05-07 12:05:17,648] {dag.py:2919} INFO - Setting next_dagrun for hello_world to 2022-05-07T12:01:00+00:00, run_after=2022-05-07T13:01:00+00:00
[2022-05-07 12:05:17,655] {processor.py:161} INFO - Processing /opt/airflow/dags/currency.py took 0.322 seconds
[2022-05-07 12:05:30,773] {processor.py:153} INFO - Started process (PID=1612) to work on /opt/airflow/dags/currency.py
[2022-05-07 12:05:30,778] {processor.py:641} INFO - Processing file /opt/airflow/dags/currency.py for tasks to queue
[2022-05-07 12:05:30,780] {logging_mixin.py:115} INFO - [2022-05-07 12:05:30,780] {dagbag.py:507} INFO - Filling up the DagBag from /opt/airflow/dags/currency.py
[2022-05-07 12:05:30,815] {logging_mixin.py:115} INFO - [2022-05-07 12:05:30,811] {dagbag.py:320} ERROR - Failed to import: /opt/airflow/dags/currency.py
Traceback (most recent call last):
  File "/home/airflow/.local/lib/python3.7/site-packages/airflow/models/dagbag.py", line 317, in parse
    loader.exec_module(new_module)
  File "<frozen importlib._bootstrap_external>", line 728, in exec_module
  File "<frozen importlib._bootstrap>", line 219, in _call_with_frames_removed
  File "/opt/airflow/dags/currency.py", line 26, in <module>
    dag=dag)
  File "/home/airflow/.local/lib/python3.7/site-packages/airflow/models/baseoperator.py", line 390, in apply_defaults
    result = func(self, **kwargs, default_args=default_args)
  File "/home/airflow/.local/lib/python3.7/site-packages/airflow/operators/python.py", line 156, in __init__
    super().__init__(**kwargs)
  File "/home/airflow/.local/lib/python3.7/site-packages/airflow/models/baseoperator.py", line 390, in apply_defaults
    result = func(self, **kwargs, default_args=default_args)
  File "/home/airflow/.local/lib/python3.7/site-packages/airflow/models/baseoperator.py", line 764, in __init__
    task_group.add(self)
  File "/home/airflow/.local/lib/python3.7/site-packages/airflow/utils/task_group.py", line 196, in add
    raise DuplicateTaskIdFound(f"{node_type} id '{key}' has already been added to the DAG")
airflow.exceptions.DuplicateTaskIdFound: Task id 'hello_task' has already been added to the DAG
[2022-05-07 12:05:30,817] {processor.py:653} WARNING - No viable dags retrieved from /opt/airflow/dags/currency.py
[2022-05-07 12:05:30,851] {processor.py:161} INFO - Processing /opt/airflow/dags/currency.py took 0.084 seconds
[2022-05-07 12:05:41,924] {processor.py:153} INFO - Started process (PID=1625) to work on /opt/airflow/dags/currency.py
[2022-05-07 12:05:41,931] {processor.py:641} INFO - Processing file /opt/airflow/dags/currency.py for tasks to queue
[2022-05-07 12:05:41,933] {logging_mixin.py:115} INFO - [2022-05-07 12:05:41,933] {dagbag.py:507} INFO - Filling up the DagBag from /opt/airflow/dags/currency.py
[2022-05-07 12:05:41,986] {logging_mixin.py:115} INFO - [2022-05-07 12:05:41,975] {dagbag.py:320} ERROR - Failed to import: /opt/airflow/dags/currency.py
Traceback (most recent call last):
  File "/home/airflow/.local/lib/python3.7/site-packages/airflow/models/dagbag.py", line 317, in parse
    loader.exec_module(new_module)
  File "<frozen importlib._bootstrap_external>", line 728, in exec_module
  File "<frozen importlib._bootstrap>", line 219, in _call_with_frames_removed
  File "/opt/airflow/dags/currency.py", line 26, in <module>
    dag=dag)
  File "/home/airflow/.local/lib/python3.7/site-packages/airflow/models/baseoperator.py", line 390, in apply_defaults
    result = func(self, **kwargs, default_args=default_args)
  File "/home/airflow/.local/lib/python3.7/site-packages/airflow/operators/python.py", line 156, in __init__
    super().__init__(**kwargs)
  File "/home/airflow/.local/lib/python3.7/site-packages/airflow/models/baseoperator.py", line 390, in apply_defaults
    result = func(self, **kwargs, default_args=default_args)
  File "/home/airflow/.local/lib/python3.7/site-packages/airflow/models/baseoperator.py", line 764, in __init__
    task_group.add(self)
  File "/home/airflow/.local/lib/python3.7/site-packages/airflow/utils/task_group.py", line 196, in add
    raise DuplicateTaskIdFound(f"{node_type} id '{key}' has already been added to the DAG")
airflow.exceptions.DuplicateTaskIdFound: Task id 'hello_task' has already been added to the DAG
[2022-05-07 12:05:41,988] {processor.py:653} WARNING - No viable dags retrieved from /opt/airflow/dags/currency.py
[2022-05-07 12:05:42,040] {processor.py:161} INFO - Processing /opt/airflow/dags/currency.py took 0.121 seconds
[2022-05-07 12:06:12,198] {processor.py:153} INFO - Started process (PID=1657) to work on /opt/airflow/dags/currency.py
[2022-05-07 12:06:12,201] {processor.py:641} INFO - Processing file /opt/airflow/dags/currency.py for tasks to queue
[2022-05-07 12:06:12,203] {logging_mixin.py:115} INFO - [2022-05-07 12:06:12,203] {dagbag.py:507} INFO - Filling up the DagBag from /opt/airflow/dags/currency.py
[2022-05-07 12:06:12,244] {logging_mixin.py:115} INFO - [2022-05-07 12:06:12,240] {dagbag.py:320} ERROR - Failed to import: /opt/airflow/dags/currency.py
Traceback (most recent call last):
  File "/home/airflow/.local/lib/python3.7/site-packages/airflow/models/dagbag.py", line 317, in parse
    loader.exec_module(new_module)
  File "<frozen importlib._bootstrap_external>", line 728, in exec_module
  File "<frozen importlib._bootstrap>", line 219, in _call_with_frames_removed
  File "/opt/airflow/dags/currency.py", line 26, in <module>
    dag=dag)
  File "/home/airflow/.local/lib/python3.7/site-packages/airflow/models/baseoperator.py", line 390, in apply_defaults
    result = func(self, **kwargs, default_args=default_args)
  File "/home/airflow/.local/lib/python3.7/site-packages/airflow/operators/python.py", line 156, in __init__
    super().__init__(**kwargs)
  File "/home/airflow/.local/lib/python3.7/site-packages/airflow/models/baseoperator.py", line 390, in apply_defaults
    result = func(self, **kwargs, default_args=default_args)
  File "/home/airflow/.local/lib/python3.7/site-packages/airflow/models/baseoperator.py", line 764, in __init__
    task_group.add(self)
  File "/home/airflow/.local/lib/python3.7/site-packages/airflow/utils/task_group.py", line 196, in add
    raise DuplicateTaskIdFound(f"{node_type} id '{key}' has already been added to the DAG")
airflow.exceptions.DuplicateTaskIdFound: Task id 'hello_task' has already been added to the DAG
[2022-05-07 12:06:12,246] {processor.py:653} WARNING - No viable dags retrieved from /opt/airflow/dags/currency.py
[2022-05-07 12:06:12,274] {processor.py:161} INFO - Processing /opt/airflow/dags/currency.py took 0.081 seconds
[2022-05-07 12:06:21,274] {processor.py:153} INFO - Started process (PID=1671) to work on /opt/airflow/dags/currency.py
[2022-05-07 12:06:21,276] {processor.py:641} INFO - Processing file /opt/airflow/dags/currency.py for tasks to queue
[2022-05-07 12:06:21,277] {logging_mixin.py:115} INFO - [2022-05-07 12:06:21,277] {dagbag.py:507} INFO - Filling up the DagBag from /opt/airflow/dags/currency.py
[2022-05-07 12:06:21,306] {processor.py:651} INFO - DAG(s) dict_keys(['hello_world']) retrieved from /opt/airflow/dags/currency.py
[2022-05-07 12:06:21,603] {logging_mixin.py:115} INFO - [2022-05-07 12:06:21,603] {dag.py:2371} INFO - Sync 1 DAGs
[2022-05-07 12:06:21,617] {logging_mixin.py:115} INFO - [2022-05-07 12:06:21,617] {dag.py:2919} INFO - Setting next_dagrun for hello_world to 2022-05-07T12:01:00+00:00, run_after=2022-05-07T13:01:00+00:00
[2022-05-07 12:06:21,631] {processor.py:161} INFO - Processing /opt/airflow/dags/currency.py took 0.366 seconds
[2022-05-07 12:06:51,825] {processor.py:153} INFO - Started process (PID=1703) to work on /opt/airflow/dags/currency.py
[2022-05-07 12:06:51,829] {processor.py:641} INFO - Processing file /opt/airflow/dags/currency.py for tasks to queue
[2022-05-07 12:06:51,831] {logging_mixin.py:115} INFO - [2022-05-07 12:06:51,831] {dagbag.py:507} INFO - Filling up the DagBag from /opt/airflow/dags/currency.py
[2022-05-07 12:06:51,862] {processor.py:651} INFO - DAG(s) dict_keys(['hello_world']) retrieved from /opt/airflow/dags/currency.py
[2022-05-07 12:06:51,907] {logging_mixin.py:115} INFO - [2022-05-07 12:06:51,907] {dag.py:2371} INFO - Sync 1 DAGs
[2022-05-07 12:06:52,089] {logging_mixin.py:115} INFO - [2022-05-07 12:06:52,089] {dag.py:2919} INFO - Setting next_dagrun for hello_world to 2022-05-07T12:01:00+00:00, run_after=2022-05-07T13:01:00+00:00
[2022-05-07 12:06:52,097] {processor.py:161} INFO - Processing /opt/airflow/dags/currency.py took 0.280 seconds
[2022-05-07 12:07:22,240] {processor.py:153} INFO - Started process (PID=1737) to work on /opt/airflow/dags/currency.py
[2022-05-07 12:07:22,242] {processor.py:641} INFO - Processing file /opt/airflow/dags/currency.py for tasks to queue
[2022-05-07 12:07:22,243] {logging_mixin.py:115} INFO - [2022-05-07 12:07:22,243] {dagbag.py:507} INFO - Filling up the DagBag from /opt/airflow/dags/currency.py
[2022-05-07 12:07:22,258] {processor.py:651} INFO - DAG(s) dict_keys(['hello_world']) retrieved from /opt/airflow/dags/currency.py
[2022-05-07 12:07:22,285] {logging_mixin.py:115} INFO - [2022-05-07 12:07:22,285] {dag.py:2371} INFO - Sync 1 DAGs
[2022-05-07 12:07:22,430] {logging_mixin.py:115} INFO - [2022-05-07 12:07:22,430] {dag.py:2919} INFO - Setting next_dagrun for hello_world to 2022-05-07T12:01:00+00:00, run_after=2022-05-07T13:01:00+00:00
[2022-05-07 12:07:22,437] {processor.py:161} INFO - Processing /opt/airflow/dags/currency.py took 0.200 seconds
[2022-05-07 12:07:52,603] {processor.py:153} INFO - Started process (PID=1759) to work on /opt/airflow/dags/currency.py
[2022-05-07 12:07:52,606] {processor.py:641} INFO - Processing file /opt/airflow/dags/currency.py for tasks to queue
[2022-05-07 12:07:52,608] {logging_mixin.py:115} INFO - [2022-05-07 12:07:52,608] {dagbag.py:507} INFO - Filling up the DagBag from /opt/airflow/dags/currency.py
[2022-05-07 12:07:52,631] {processor.py:651} INFO - DAG(s) dict_keys(['hello_world']) retrieved from /opt/airflow/dags/currency.py
[2022-05-07 12:07:52,661] {logging_mixin.py:115} INFO - [2022-05-07 12:07:52,661] {dag.py:2371} INFO - Sync 1 DAGs
[2022-05-07 12:07:52,859] {logging_mixin.py:115} INFO - [2022-05-07 12:07:52,859] {dag.py:2919} INFO - Setting next_dagrun for hello_world to 2022-05-07T12:01:00+00:00, run_after=2022-05-07T13:01:00+00:00
[2022-05-07 12:07:52,865] {processor.py:161} INFO - Processing /opt/airflow/dags/currency.py took 0.274 seconds
[2022-05-07 12:08:23,033] {processor.py:153} INFO - Started process (PID=1792) to work on /opt/airflow/dags/currency.py
[2022-05-07 12:08:23,036] {processor.py:641} INFO - Processing file /opt/airflow/dags/currency.py for tasks to queue
[2022-05-07 12:08:23,038] {logging_mixin.py:115} INFO - [2022-05-07 12:08:23,038] {dagbag.py:507} INFO - Filling up the DagBag from /opt/airflow/dags/currency.py
[2022-05-07 12:08:23,058] {processor.py:651} INFO - DAG(s) dict_keys(['hello_world']) retrieved from /opt/airflow/dags/currency.py
[2022-05-07 12:08:23,085] {logging_mixin.py:115} INFO - [2022-05-07 12:08:23,085] {dag.py:2371} INFO - Sync 1 DAGs
[2022-05-07 12:08:23,218] {logging_mixin.py:115} INFO - [2022-05-07 12:08:23,218] {dag.py:2919} INFO - Setting next_dagrun for hello_world to 2022-05-07T12:01:00+00:00, run_after=2022-05-07T13:01:00+00:00
[2022-05-07 12:08:23,225] {processor.py:161} INFO - Processing /opt/airflow/dags/currency.py took 0.198 seconds
[2022-05-07 12:08:53,404] {processor.py:153} INFO - Started process (PID=1825) to work on /opt/airflow/dags/currency.py
[2022-05-07 12:08:53,407] {processor.py:641} INFO - Processing file /opt/airflow/dags/currency.py for tasks to queue
[2022-05-07 12:08:53,409] {logging_mixin.py:115} INFO - [2022-05-07 12:08:53,409] {dagbag.py:507} INFO - Filling up the DagBag from /opt/airflow/dags/currency.py
[2022-05-07 12:08:53,434] {processor.py:651} INFO - DAG(s) dict_keys(['hello_world']) retrieved from /opt/airflow/dags/currency.py
[2022-05-07 12:08:53,461] {logging_mixin.py:115} INFO - [2022-05-07 12:08:53,461] {dag.py:2371} INFO - Sync 1 DAGs
[2022-05-07 12:08:53,604] {logging_mixin.py:115} INFO - [2022-05-07 12:08:53,604] {dag.py:2919} INFO - Setting next_dagrun for hello_world to 2022-05-07T12:01:00+00:00, run_after=2022-05-07T13:01:00+00:00
[2022-05-07 12:08:53,610] {processor.py:161} INFO - Processing /opt/airflow/dags/currency.py took 0.219 seconds
[2022-05-07 12:09:23,768] {processor.py:153} INFO - Started process (PID=1855) to work on /opt/airflow/dags/currency.py
[2022-05-07 12:09:23,780] {processor.py:641} INFO - Processing file /opt/airflow/dags/currency.py for tasks to queue
[2022-05-07 12:09:23,782] {logging_mixin.py:115} INFO - [2022-05-07 12:09:23,782] {dagbag.py:507} INFO - Filling up the DagBag from /opt/airflow/dags/currency.py
[2022-05-07 12:09:23,816] {processor.py:651} INFO - DAG(s) dict_keys(['hello_world']) retrieved from /opt/airflow/dags/currency.py
[2022-05-07 12:09:23,852] {logging_mixin.py:115} INFO - [2022-05-07 12:09:23,852] {dag.py:2371} INFO - Sync 1 DAGs
[2022-05-07 12:09:24,072] {logging_mixin.py:115} INFO - [2022-05-07 12:09:24,072] {dag.py:2919} INFO - Setting next_dagrun for hello_world to 2022-05-07T12:01:00+00:00, run_after=2022-05-07T13:01:00+00:00
[2022-05-07 12:09:24,086] {processor.py:161} INFO - Processing /opt/airflow/dags/currency.py took 0.326 seconds
[2022-05-07 12:09:48,940] {processor.py:153} INFO - Started process (PID=1875) to work on /opt/airflow/dags/currency.py
[2022-05-07 12:09:48,942] {processor.py:641} INFO - Processing file /opt/airflow/dags/currency.py for tasks to queue
[2022-05-07 12:09:48,944] {logging_mixin.py:115} INFO - [2022-05-07 12:09:48,944] {dagbag.py:507} INFO - Filling up the DagBag from /opt/airflow/dags/currency.py
[2022-05-07 12:09:48,983] {processor.py:651} INFO - DAG(s) dict_keys(['hello_world']) retrieved from /opt/airflow/dags/currency.py
[2022-05-07 12:09:49,208] {logging_mixin.py:115} INFO - [2022-05-07 12:09:49,208] {dag.py:2371} INFO - Sync 1 DAGs
[2022-05-07 12:09:49,223] {logging_mixin.py:115} INFO - [2022-05-07 12:09:49,223] {dag.py:2919} INFO - Setting next_dagrun for hello_world to 2022-05-07T12:08:00+00:00, run_after=2022-05-07T12:09:00+00:00
[2022-05-07 12:09:49,233] {processor.py:161} INFO - Processing /opt/airflow/dags/currency.py took 0.299 seconds
[2022-05-07 12:10:19,410] {processor.py:153} INFO - Started process (PID=1905) to work on /opt/airflow/dags/currency.py
[2022-05-07 12:10:19,412] {processor.py:641} INFO - Processing file /opt/airflow/dags/currency.py for tasks to queue
[2022-05-07 12:10:19,413] {logging_mixin.py:115} INFO - [2022-05-07 12:10:19,413] {dagbag.py:507} INFO - Filling up the DagBag from /opt/airflow/dags/currency.py
[2022-05-07 12:10:19,433] {processor.py:651} INFO - DAG(s) dict_keys(['hello_world']) retrieved from /opt/airflow/dags/currency.py
[2022-05-07 12:10:19,470] {logging_mixin.py:115} INFO - [2022-05-07 12:10:19,470] {dag.py:2371} INFO - Sync 1 DAGs
[2022-05-07 12:10:19,642] {logging_mixin.py:115} INFO - [2022-05-07 12:10:19,642] {dag.py:2919} INFO - Setting next_dagrun for hello_world to 2022-05-07T12:10:00+00:00, run_after=2022-05-07T12:11:00+00:00
[2022-05-07 12:10:19,648] {processor.py:161} INFO - Processing /opt/airflow/dags/currency.py took 0.243 seconds
[2022-05-07 12:10:49,880] {processor.py:153} INFO - Started process (PID=1925) to work on /opt/airflow/dags/currency.py
[2022-05-07 12:10:49,884] {processor.py:641} INFO - Processing file /opt/airflow/dags/currency.py for tasks to queue
[2022-05-07 12:10:49,890] {logging_mixin.py:115} INFO - [2022-05-07 12:10:49,889] {dagbag.py:507} INFO - Filling up the DagBag from /opt/airflow/dags/currency.py
[2022-05-07 12:10:49,941] {processor.py:651} INFO - DAG(s) dict_keys(['hello_world']) retrieved from /opt/airflow/dags/currency.py
[2022-05-07 12:10:50,011] {logging_mixin.py:115} INFO - [2022-05-07 12:10:50,011] {dag.py:2371} INFO - Sync 1 DAGs
[2022-05-07 12:10:50,309] {logging_mixin.py:115} INFO - [2022-05-07 12:10:50,309] {dag.py:2919} INFO - Setting next_dagrun for hello_world to 2022-05-07T12:10:00+00:00, run_after=2022-05-07T12:11:00+00:00
[2022-05-07 12:10:50,322] {processor.py:161} INFO - Processing /opt/airflow/dags/currency.py took 0.449 seconds
[2022-05-07 12:11:20,518] {processor.py:153} INFO - Started process (PID=1961) to work on /opt/airflow/dags/currency.py
[2022-05-07 12:11:20,520] {processor.py:641} INFO - Processing file /opt/airflow/dags/currency.py for tasks to queue
[2022-05-07 12:11:20,522] {logging_mixin.py:115} INFO - [2022-05-07 12:11:20,522] {dagbag.py:507} INFO - Filling up the DagBag from /opt/airflow/dags/currency.py
[2022-05-07 12:11:20,552] {processor.py:651} INFO - DAG(s) dict_keys(['hello_world']) retrieved from /opt/airflow/dags/currency.py
[2022-05-07 12:11:20,605] {logging_mixin.py:115} INFO - [2022-05-07 12:11:20,605] {dag.py:2371} INFO - Sync 1 DAGs
[2022-05-07 12:11:20,856] {logging_mixin.py:115} INFO - [2022-05-07 12:11:20,856] {dag.py:2919} INFO - Setting next_dagrun for hello_world to 2022-05-07T12:11:00+00:00, run_after=2022-05-07T12:12:00+00:00
[2022-05-07 12:11:20,863] {processor.py:161} INFO - Processing /opt/airflow/dags/currency.py took 0.354 seconds
[2022-05-07 12:11:51,068] {processor.py:153} INFO - Started process (PID=1993) to work on /opt/airflow/dags/currency.py
[2022-05-07 12:11:51,071] {processor.py:641} INFO - Processing file /opt/airflow/dags/currency.py for tasks to queue
[2022-05-07 12:11:51,072] {logging_mixin.py:115} INFO - [2022-05-07 12:11:51,072] {dagbag.py:507} INFO - Filling up the DagBag from /opt/airflow/dags/currency.py
[2022-05-07 12:11:51,093] {processor.py:651} INFO - DAG(s) dict_keys(['hello_world']) retrieved from /opt/airflow/dags/currency.py
[2022-05-07 12:11:51,132] {logging_mixin.py:115} INFO - [2022-05-07 12:11:51,132] {dag.py:2371} INFO - Sync 1 DAGs
[2022-05-07 12:11:51,297] {logging_mixin.py:115} INFO - [2022-05-07 12:11:51,297] {dag.py:2919} INFO - Setting next_dagrun for hello_world to 2022-05-07T12:11:00+00:00, run_after=2022-05-07T12:12:00+00:00
[2022-05-07 12:11:51,304] {processor.py:161} INFO - Processing /opt/airflow/dags/currency.py took 0.241 seconds
[2022-05-07 12:12:21,476] {processor.py:153} INFO - Started process (PID=2028) to work on /opt/airflow/dags/currency.py
[2022-05-07 12:12:21,479] {processor.py:641} INFO - Processing file /opt/airflow/dags/currency.py for tasks to queue
[2022-05-07 12:12:21,481] {logging_mixin.py:115} INFO - [2022-05-07 12:12:21,480] {dagbag.py:507} INFO - Filling up the DagBag from /opt/airflow/dags/currency.py
[2022-05-07 12:12:21,503] {processor.py:651} INFO - DAG(s) dict_keys(['hello_world']) retrieved from /opt/airflow/dags/currency.py
[2022-05-07 12:12:21,533] {logging_mixin.py:115} INFO - [2022-05-07 12:12:21,533] {dag.py:2371} INFO - Sync 1 DAGs
[2022-05-07 12:12:21,678] {logging_mixin.py:115} INFO - [2022-05-07 12:12:21,678] {dag.py:2919} INFO - Setting next_dagrun for hello_world to 2022-05-07T12:12:00+00:00, run_after=2022-05-07T12:13:00+00:00
[2022-05-07 12:12:21,684] {processor.py:161} INFO - Processing /opt/airflow/dags/currency.py took 0.221 seconds
[2022-05-07 12:12:51,908] {processor.py:153} INFO - Started process (PID=2051) to work on /opt/airflow/dags/currency.py
[2022-05-07 12:12:51,912] {processor.py:641} INFO - Processing file /opt/airflow/dags/currency.py for tasks to queue
[2022-05-07 12:12:51,914] {logging_mixin.py:115} INFO - [2022-05-07 12:12:51,914] {dagbag.py:507} INFO - Filling up the DagBag from /opt/airflow/dags/currency.py
[2022-05-07 12:12:51,939] {processor.py:651} INFO - DAG(s) dict_keys(['hello_world']) retrieved from /opt/airflow/dags/currency.py
[2022-05-07 12:12:51,974] {logging_mixin.py:115} INFO - [2022-05-07 12:12:51,974] {dag.py:2371} INFO - Sync 1 DAGs
[2022-05-07 12:12:52,171] {logging_mixin.py:115} INFO - [2022-05-07 12:12:52,171] {dag.py:2919} INFO - Setting next_dagrun for hello_world to 2022-05-07T12:12:00+00:00, run_after=2022-05-07T12:13:00+00:00
[2022-05-07 12:12:52,178] {processor.py:161} INFO - Processing /opt/airflow/dags/currency.py took 0.277 seconds
[2022-05-07 12:13:22,355] {processor.py:153} INFO - Started process (PID=2085) to work on /opt/airflow/dags/currency.py
[2022-05-07 12:13:22,357] {processor.py:641} INFO - Processing file /opt/airflow/dags/currency.py for tasks to queue
[2022-05-07 12:13:22,359] {logging_mixin.py:115} INFO - [2022-05-07 12:13:22,359] {dagbag.py:507} INFO - Filling up the DagBag from /opt/airflow/dags/currency.py
[2022-05-07 12:13:22,379] {processor.py:651} INFO - DAG(s) dict_keys(['hello_world']) retrieved from /opt/airflow/dags/currency.py
[2022-05-07 12:13:22,408] {logging_mixin.py:115} INFO - [2022-05-07 12:13:22,408] {dag.py:2371} INFO - Sync 1 DAGs
[2022-05-07 12:13:22,569] {logging_mixin.py:115} INFO - [2022-05-07 12:13:22,569] {dag.py:2919} INFO - Setting next_dagrun for hello_world to 2022-05-07T12:13:00+00:00, run_after=2022-05-07T12:14:00+00:00
[2022-05-07 12:13:22,576] {processor.py:161} INFO - Processing /opt/airflow/dags/currency.py took 0.228 seconds
[2022-05-07 12:13:52,778] {processor.py:153} INFO - Started process (PID=2119) to work on /opt/airflow/dags/currency.py
[2022-05-07 12:13:52,783] {processor.py:641} INFO - Processing file /opt/airflow/dags/currency.py for tasks to queue
[2022-05-07 12:13:52,785] {logging_mixin.py:115} INFO - [2022-05-07 12:13:52,785] {dagbag.py:507} INFO - Filling up the DagBag from /opt/airflow/dags/currency.py
[2022-05-07 12:13:52,805] {processor.py:651} INFO - DAG(s) dict_keys(['hello_world']) retrieved from /opt/airflow/dags/currency.py
[2022-05-07 12:13:52,839] {logging_mixin.py:115} INFO - [2022-05-07 12:13:52,839] {dag.py:2371} INFO - Sync 1 DAGs
[2022-05-07 12:13:52,973] {logging_mixin.py:115} INFO - [2022-05-07 12:13:52,973] {dag.py:2919} INFO - Setting next_dagrun for hello_world to 2022-05-07T12:13:00+00:00, run_after=2022-05-07T12:14:00+00:00
[2022-05-07 12:13:52,980] {processor.py:161} INFO - Processing /opt/airflow/dags/currency.py took 0.208 seconds
[2022-05-07 12:14:23,199] {processor.py:153} INFO - Started process (PID=2152) to work on /opt/airflow/dags/currency.py
[2022-05-07 12:14:23,205] {processor.py:641} INFO - Processing file /opt/airflow/dags/currency.py for tasks to queue
[2022-05-07 12:14:23,207] {logging_mixin.py:115} INFO - [2022-05-07 12:14:23,207] {dagbag.py:507} INFO - Filling up the DagBag from /opt/airflow/dags/currency.py
[2022-05-07 12:14:23,226] {processor.py:651} INFO - DAG(s) dict_keys(['hello_world']) retrieved from /opt/airflow/dags/currency.py
[2022-05-07 12:14:23,258] {logging_mixin.py:115} INFO - [2022-05-07 12:14:23,258] {dag.py:2371} INFO - Sync 1 DAGs
[2022-05-07 12:14:23,408] {logging_mixin.py:115} INFO - [2022-05-07 12:14:23,408] {dag.py:2919} INFO - Setting next_dagrun for hello_world to 2022-05-07T12:14:00+00:00, run_after=2022-05-07T12:15:00+00:00
[2022-05-07 12:14:23,415] {processor.py:161} INFO - Processing /opt/airflow/dags/currency.py took 0.231 seconds
[2022-05-07 12:14:53,588] {processor.py:153} INFO - Started process (PID=2182) to work on /opt/airflow/dags/currency.py
[2022-05-07 12:14:53,590] {processor.py:641} INFO - Processing file /opt/airflow/dags/currency.py for tasks to queue
[2022-05-07 12:14:53,591] {logging_mixin.py:115} INFO - [2022-05-07 12:14:53,591] {dagbag.py:507} INFO - Filling up the DagBag from /opt/airflow/dags/currency.py
[2022-05-07 12:14:53,604] {processor.py:651} INFO - DAG(s) dict_keys(['hello_world']) retrieved from /opt/airflow/dags/currency.py
[2022-05-07 12:14:53,635] {logging_mixin.py:115} INFO - [2022-05-07 12:14:53,635] {dag.py:2371} INFO - Sync 1 DAGs
[2022-05-07 12:14:53,799] {logging_mixin.py:115} INFO - [2022-05-07 12:14:53,799] {dag.py:2919} INFO - Setting next_dagrun for hello_world to 2022-05-07T12:14:00+00:00, run_after=2022-05-07T12:15:00+00:00
[2022-05-07 12:14:53,806] {processor.py:161} INFO - Processing /opt/airflow/dags/currency.py took 0.222 seconds
[2022-05-07 12:15:23,972] {processor.py:153} INFO - Started process (PID=2204) to work on /opt/airflow/dags/currency.py
[2022-05-07 12:15:23,974] {processor.py:641} INFO - Processing file /opt/airflow/dags/currency.py for tasks to queue
[2022-05-07 12:15:23,976] {logging_mixin.py:115} INFO - [2022-05-07 12:15:23,976] {dagbag.py:507} INFO - Filling up the DagBag from /opt/airflow/dags/currency.py
[2022-05-07 12:15:23,998] {processor.py:651} INFO - DAG(s) dict_keys(['hello_world']) retrieved from /opt/airflow/dags/currency.py
[2022-05-07 12:15:24,040] {logging_mixin.py:115} INFO - [2022-05-07 12:15:24,040] {dag.py:2371} INFO - Sync 1 DAGs
[2022-05-07 12:15:24,307] {logging_mixin.py:115} INFO - [2022-05-07 12:15:24,307] {dag.py:2919} INFO - Setting next_dagrun for hello_world to 2022-05-07T12:15:00+00:00, run_after=2022-05-07T12:16:00+00:00
[2022-05-07 12:15:24,315] {processor.py:161} INFO - Processing /opt/airflow/dags/currency.py took 0.352 seconds
[2022-05-07 12:15:54,920] {processor.py:153} INFO - Started process (PID=2235) to work on /opt/airflow/dags/currency.py
[2022-05-07 12:15:54,924] {processor.py:641} INFO - Processing file /opt/airflow/dags/currency.py for tasks to queue
[2022-05-07 12:15:54,926] {logging_mixin.py:115} INFO - [2022-05-07 12:15:54,926] {dagbag.py:507} INFO - Filling up the DagBag from /opt/airflow/dags/currency.py
[2022-05-07 12:15:54,957] {processor.py:651} INFO - DAG(s) dict_keys(['hello_world']) retrieved from /opt/airflow/dags/currency.py
[2022-05-07 12:15:55,009] {logging_mixin.py:115} INFO - [2022-05-07 12:15:55,009] {dag.py:2371} INFO - Sync 1 DAGs
[2022-05-07 12:15:55,269] {logging_mixin.py:115} INFO - [2022-05-07 12:15:55,269] {dag.py:2919} INFO - Setting next_dagrun for hello_world to 2022-05-07T12:15:00+00:00, run_after=2022-05-07T12:16:00+00:00
[2022-05-07 12:15:55,280] {processor.py:161} INFO - Processing /opt/airflow/dags/currency.py took 0.369 seconds
[2022-05-07 12:16:25,463] {processor.py:153} INFO - Started process (PID=2266) to work on /opt/airflow/dags/currency.py
[2022-05-07 12:16:25,467] {processor.py:641} INFO - Processing file /opt/airflow/dags/currency.py for tasks to queue
[2022-05-07 12:16:25,485] {logging_mixin.py:115} INFO - [2022-05-07 12:16:25,485] {dagbag.py:507} INFO - Filling up the DagBag from /opt/airflow/dags/currency.py
[2022-05-07 12:16:25,559] {processor.py:651} INFO - DAG(s) dict_keys(['hello_world']) retrieved from /opt/airflow/dags/currency.py
[2022-05-07 12:16:25,647] {logging_mixin.py:115} INFO - [2022-05-07 12:16:25,647] {dag.py:2371} INFO - Sync 1 DAGs
[2022-05-07 12:16:25,917] {logging_mixin.py:115} INFO - [2022-05-07 12:16:25,917] {dag.py:2919} INFO - Setting next_dagrun for hello_world to 2022-05-07T12:16:00+00:00, run_after=2022-05-07T12:17:00+00:00
[2022-05-07 12:16:25,933] {processor.py:161} INFO - Processing /opt/airflow/dags/currency.py took 0.480 seconds
[2022-05-07 12:16:56,129] {processor.py:153} INFO - Started process (PID=2298) to work on /opt/airflow/dags/currency.py
[2022-05-07 12:16:56,134] {processor.py:641} INFO - Processing file /opt/airflow/dags/currency.py for tasks to queue
[2022-05-07 12:16:56,138] {logging_mixin.py:115} INFO - [2022-05-07 12:16:56,138] {dagbag.py:507} INFO - Filling up the DagBag from /opt/airflow/dags/currency.py
[2022-05-07 12:16:56,170] {processor.py:651} INFO - DAG(s) dict_keys(['hello_world']) retrieved from /opt/airflow/dags/currency.py
[2022-05-07 12:16:56,203] {logging_mixin.py:115} INFO - [2022-05-07 12:16:56,203] {dag.py:2371} INFO - Sync 1 DAGs
[2022-05-07 12:16:56,858] {logging_mixin.py:115} INFO - [2022-05-07 12:16:56,858] {dag.py:2919} INFO - Setting next_dagrun for hello_world to 2022-05-07T12:16:00+00:00, run_after=2022-05-07T12:17:00+00:00
[2022-05-07 12:16:56,872] {processor.py:161} INFO - Processing /opt/airflow/dags/currency.py took 0.749 seconds
[2022-05-07 12:17:27,081] {processor.py:153} INFO - Started process (PID=2319) to work on /opt/airflow/dags/currency.py
[2022-05-07 12:17:27,084] {processor.py:641} INFO - Processing file /opt/airflow/dags/currency.py for tasks to queue
[2022-05-07 12:17:27,086] {logging_mixin.py:115} INFO - [2022-05-07 12:17:27,086] {dagbag.py:507} INFO - Filling up the DagBag from /opt/airflow/dags/currency.py
[2022-05-07 12:17:27,114] {processor.py:651} INFO - DAG(s) dict_keys(['hello_world']) retrieved from /opt/airflow/dags/currency.py
[2022-05-07 12:17:27,160] {logging_mixin.py:115} INFO - [2022-05-07 12:17:27,160] {dag.py:2371} INFO - Sync 1 DAGs
[2022-05-07 12:17:27,367] {logging_mixin.py:115} INFO - [2022-05-07 12:17:27,367] {dag.py:2919} INFO - Setting next_dagrun for hello_world to 2022-05-07T12:17:00+00:00, run_after=2022-05-07T12:18:00+00:00
[2022-05-07 12:17:27,374] {processor.py:161} INFO - Processing /opt/airflow/dags/currency.py took 0.301 seconds
[2022-05-07 12:17:57,562] {processor.py:153} INFO - Started process (PID=2352) to work on /opt/airflow/dags/currency.py
[2022-05-07 12:17:57,564] {processor.py:641} INFO - Processing file /opt/airflow/dags/currency.py for tasks to queue
[2022-05-07 12:17:57,566] {logging_mixin.py:115} INFO - [2022-05-07 12:17:57,566] {dagbag.py:507} INFO - Filling up the DagBag from /opt/airflow/dags/currency.py
[2022-05-07 12:17:57,587] {processor.py:651} INFO - DAG(s) dict_keys(['hello_world']) retrieved from /opt/airflow/dags/currency.py
[2022-05-07 12:17:57,621] {logging_mixin.py:115} INFO - [2022-05-07 12:17:57,621] {dag.py:2371} INFO - Sync 1 DAGs
[2022-05-07 12:17:57,783] {logging_mixin.py:115} INFO - [2022-05-07 12:17:57,783] {dag.py:2919} INFO - Setting next_dagrun for hello_world to 2022-05-07T12:17:00+00:00, run_after=2022-05-07T12:18:00+00:00
[2022-05-07 12:17:57,790] {processor.py:161} INFO - Processing /opt/airflow/dags/currency.py took 0.233 seconds
[2022-05-07 12:18:27,973] {processor.py:153} INFO - Started process (PID=2386) to work on /opt/airflow/dags/currency.py
[2022-05-07 12:18:27,988] {processor.py:641} INFO - Processing file /opt/airflow/dags/currency.py for tasks to queue
[2022-05-07 12:18:27,991] {logging_mixin.py:115} INFO - [2022-05-07 12:18:27,991] {dagbag.py:507} INFO - Filling up the DagBag from /opt/airflow/dags/currency.py
[2022-05-07 12:18:28,069] {processor.py:651} INFO - DAG(s) dict_keys(['hello_world']) retrieved from /opt/airflow/dags/currency.py
[2022-05-07 12:18:28,170] {logging_mixin.py:115} INFO - [2022-05-07 12:18:28,170] {dag.py:2371} INFO - Sync 1 DAGs
[2022-05-07 12:18:28,216] {logging_mixin.py:115} INFO - [2022-05-07 12:18:28,215] {dag.py:2919} INFO - Setting next_dagrun for hello_world to 2022-05-07T12:18:00+00:00, run_after=2022-05-07T12:19:00+00:00
[2022-05-07 12:18:28,245] {processor.py:161} INFO - Processing /opt/airflow/dags/currency.py took 0.281 seconds
[2022-05-07 12:18:58,372] {processor.py:153} INFO - Started process (PID=2423) to work on /opt/airflow/dags/currency.py
[2022-05-07 12:18:58,374] {processor.py:641} INFO - Processing file /opt/airflow/dags/currency.py for tasks to queue
[2022-05-07 12:18:58,375] {logging_mixin.py:115} INFO - [2022-05-07 12:18:58,375] {dagbag.py:507} INFO - Filling up the DagBag from /opt/airflow/dags/currency.py
[2022-05-07 12:18:58,396] {processor.py:651} INFO - DAG(s) dict_keys(['hello_world']) retrieved from /opt/airflow/dags/currency.py
[2022-05-07 12:18:58,428] {logging_mixin.py:115} INFO - [2022-05-07 12:18:58,428] {dag.py:2371} INFO - Sync 1 DAGs
[2022-05-07 12:18:58,444] {logging_mixin.py:115} INFO - [2022-05-07 12:18:58,444] {dag.py:2919} INFO - Setting next_dagrun for hello_world to 2022-05-07T12:18:00+00:00, run_after=2022-05-07T12:19:00+00:00
[2022-05-07 12:18:58,451] {processor.py:161} INFO - Processing /opt/airflow/dags/currency.py took 0.082 seconds
[2022-05-07 12:19:28,593] {processor.py:153} INFO - Started process (PID=2442) to work on /opt/airflow/dags/currency.py
[2022-05-07 12:19:28,597] {processor.py:641} INFO - Processing file /opt/airflow/dags/currency.py for tasks to queue
[2022-05-07 12:19:28,599] {logging_mixin.py:115} INFO - [2022-05-07 12:19:28,599] {dagbag.py:507} INFO - Filling up the DagBag from /opt/airflow/dags/currency.py
[2022-05-07 12:19:28,621] {processor.py:651} INFO - DAG(s) dict_keys(['hello_world']) retrieved from /opt/airflow/dags/currency.py
[2022-05-07 12:19:28,663] {logging_mixin.py:115} INFO - [2022-05-07 12:19:28,663] {dag.py:2371} INFO - Sync 1 DAGs
[2022-05-07 12:19:28,689] {logging_mixin.py:115} INFO - [2022-05-07 12:19:28,689] {dag.py:2919} INFO - Setting next_dagrun for hello_world to 2022-05-07T12:19:00+00:00, run_after=2022-05-07T12:20:00+00:00
[2022-05-07 12:19:28,705] {processor.py:161} INFO - Processing /opt/airflow/dags/currency.py took 0.117 seconds
[2022-05-07 12:19:58,823] {processor.py:153} INFO - Started process (PID=2474) to work on /opt/airflow/dags/currency.py
[2022-05-07 12:19:58,826] {processor.py:641} INFO - Processing file /opt/airflow/dags/currency.py for tasks to queue
[2022-05-07 12:19:58,828] {logging_mixin.py:115} INFO - [2022-05-07 12:19:58,828] {dagbag.py:507} INFO - Filling up the DagBag from /opt/airflow/dags/currency.py
[2022-05-07 12:19:58,855] {processor.py:651} INFO - DAG(s) dict_keys(['hello_world']) retrieved from /opt/airflow/dags/currency.py
[2022-05-07 12:19:58,895] {logging_mixin.py:115} INFO - [2022-05-07 12:19:58,895] {dag.py:2371} INFO - Sync 1 DAGs
[2022-05-07 12:19:58,919] {logging_mixin.py:115} INFO - [2022-05-07 12:19:58,919] {dag.py:2919} INFO - Setting next_dagrun for hello_world to 2022-05-07T12:19:00+00:00, run_after=2022-05-07T12:20:00+00:00
[2022-05-07 12:19:58,932] {processor.py:161} INFO - Processing /opt/airflow/dags/currency.py took 0.115 seconds
[2022-05-07 12:20:29,066] {processor.py:153} INFO - Started process (PID=2507) to work on /opt/airflow/dags/currency.py
[2022-05-07 12:20:29,068] {processor.py:641} INFO - Processing file /opt/airflow/dags/currency.py for tasks to queue
[2022-05-07 12:20:29,070] {logging_mixin.py:115} INFO - [2022-05-07 12:20:29,070] {dagbag.py:507} INFO - Filling up the DagBag from /opt/airflow/dags/currency.py
[2022-05-07 12:20:29,090] {processor.py:651} INFO - DAG(s) dict_keys(['hello_world']) retrieved from /opt/airflow/dags/currency.py
[2022-05-07 12:20:29,126] {logging_mixin.py:115} INFO - [2022-05-07 12:20:29,126] {dag.py:2371} INFO - Sync 1 DAGs
[2022-05-07 12:20:29,143] {logging_mixin.py:115} INFO - [2022-05-07 12:20:29,143] {dag.py:2919} INFO - Setting next_dagrun for hello_world to 2022-05-07T12:20:00+00:00, run_after=2022-05-07T12:21:00+00:00
[2022-05-07 12:20:29,150] {processor.py:161} INFO - Processing /opt/airflow/dags/currency.py took 0.088 seconds
[2022-05-07 12:20:59,252] {processor.py:153} INFO - Started process (PID=2538) to work on /opt/airflow/dags/currency.py
[2022-05-07 12:20:59,255] {processor.py:641} INFO - Processing file /opt/airflow/dags/currency.py for tasks to queue
[2022-05-07 12:20:59,256] {logging_mixin.py:115} INFO - [2022-05-07 12:20:59,256] {dagbag.py:507} INFO - Filling up the DagBag from /opt/airflow/dags/currency.py
[2022-05-07 12:20:59,280] {processor.py:651} INFO - DAG(s) dict_keys(['hello_world']) retrieved from /opt/airflow/dags/currency.py
[2022-05-07 12:20:59,313] {logging_mixin.py:115} INFO - [2022-05-07 12:20:59,313] {dag.py:2371} INFO - Sync 1 DAGs
[2022-05-07 12:20:59,345] {logging_mixin.py:115} INFO - [2022-05-07 12:20:59,345] {dag.py:2919} INFO - Setting next_dagrun for hello_world to 2022-05-07T12:20:00+00:00, run_after=2022-05-07T12:21:00+00:00
[2022-05-07 12:20:59,356] {processor.py:161} INFO - Processing /opt/airflow/dags/currency.py took 0.109 seconds
[2022-05-07 12:21:29,510] {processor.py:153} INFO - Started process (PID=2559) to work on /opt/airflow/dags/currency.py
[2022-05-07 12:21:29,513] {processor.py:641} INFO - Processing file /opt/airflow/dags/currency.py for tasks to queue
[2022-05-07 12:21:29,516] {logging_mixin.py:115} INFO - [2022-05-07 12:21:29,515] {dagbag.py:507} INFO - Filling up the DagBag from /opt/airflow/dags/currency.py
[2022-05-07 12:21:29,547] {processor.py:651} INFO - DAG(s) dict_keys(['hello_world']) retrieved from /opt/airflow/dags/currency.py
[2022-05-07 12:21:29,598] {logging_mixin.py:115} INFO - [2022-05-07 12:21:29,598] {dag.py:2371} INFO - Sync 1 DAGs
[2022-05-07 12:21:29,619] {logging_mixin.py:115} INFO - [2022-05-07 12:21:29,619] {dag.py:2919} INFO - Setting next_dagrun for hello_world to 2022-05-07T12:21:00+00:00, run_after=2022-05-07T12:22:00+00:00
[2022-05-07 12:21:29,629] {processor.py:161} INFO - Processing /opt/airflow/dags/currency.py took 0.126 seconds
[2022-05-07 12:21:59,714] {processor.py:153} INFO - Started process (PID=2594) to work on /opt/airflow/dags/currency.py
[2022-05-07 12:21:59,716] {processor.py:641} INFO - Processing file /opt/airflow/dags/currency.py for tasks to queue
[2022-05-07 12:21:59,719] {logging_mixin.py:115} INFO - [2022-05-07 12:21:59,718] {dagbag.py:507} INFO - Filling up the DagBag from /opt/airflow/dags/currency.py
[2022-05-07 12:21:59,751] {processor.py:651} INFO - DAG(s) dict_keys(['hello_world']) retrieved from /opt/airflow/dags/currency.py
[2022-05-07 12:21:59,800] {logging_mixin.py:115} INFO - [2022-05-07 12:21:59,800] {dag.py:2371} INFO - Sync 1 DAGs
[2022-05-07 12:21:59,824] {logging_mixin.py:115} INFO - [2022-05-07 12:21:59,824] {dag.py:2919} INFO - Setting next_dagrun for hello_world to 2022-05-07T12:21:00+00:00, run_after=2022-05-07T12:22:00+00:00
[2022-05-07 12:21:59,835] {processor.py:161} INFO - Processing /opt/airflow/dags/currency.py took 0.128 seconds
[2022-05-07 12:22:30,008] {processor.py:153} INFO - Started process (PID=2624) to work on /opt/airflow/dags/currency.py
[2022-05-07 12:22:30,011] {processor.py:641} INFO - Processing file /opt/airflow/dags/currency.py for tasks to queue
[2022-05-07 12:22:30,013] {logging_mixin.py:115} INFO - [2022-05-07 12:22:30,013] {dagbag.py:507} INFO - Filling up the DagBag from /opt/airflow/dags/currency.py
[2022-05-07 12:22:30,035] {processor.py:651} INFO - DAG(s) dict_keys(['hello_world']) retrieved from /opt/airflow/dags/currency.py
[2022-05-07 12:22:30,081] {logging_mixin.py:115} INFO - [2022-05-07 12:22:30,081] {dag.py:2371} INFO - Sync 1 DAGs
[2022-05-07 12:22:30,104] {logging_mixin.py:115} INFO - [2022-05-07 12:22:30,104] {dag.py:2919} INFO - Setting next_dagrun for hello_world to 2022-05-07T12:22:00+00:00, run_after=2022-05-07T12:23:00+00:00
[2022-05-07 12:22:30,116] {processor.py:161} INFO - Processing /opt/airflow/dags/currency.py took 0.114 seconds
[2022-05-07 12:23:00,253] {processor.py:153} INFO - Started process (PID=2649) to work on /opt/airflow/dags/currency.py
[2022-05-07 12:23:00,255] {processor.py:641} INFO - Processing file /opt/airflow/dags/currency.py for tasks to queue
[2022-05-07 12:23:00,258] {logging_mixin.py:115} INFO - [2022-05-07 12:23:00,258] {dagbag.py:507} INFO - Filling up the DagBag from /opt/airflow/dags/currency.py
[2022-05-07 12:23:00,289] {processor.py:651} INFO - DAG(s) dict_keys(['hello_world']) retrieved from /opt/airflow/dags/currency.py
[2022-05-07 12:23:00,342] {logging_mixin.py:115} INFO - [2022-05-07 12:23:00,342] {dag.py:2371} INFO - Sync 1 DAGs
[2022-05-07 12:23:00,381] {logging_mixin.py:115} INFO - [2022-05-07 12:23:00,381] {dag.py:2919} INFO - Setting next_dagrun for hello_world to 2022-05-07T12:22:00+00:00, run_after=2022-05-07T12:23:00+00:00
[2022-05-07 12:23:00,395] {processor.py:161} INFO - Processing /opt/airflow/dags/currency.py took 0.149 seconds
[2022-05-07 12:23:30,530] {processor.py:153} INFO - Started process (PID=2681) to work on /opt/airflow/dags/currency.py
[2022-05-07 12:23:30,534] {processor.py:641} INFO - Processing file /opt/airflow/dags/currency.py for tasks to queue
[2022-05-07 12:23:30,537] {logging_mixin.py:115} INFO - [2022-05-07 12:23:30,537] {dagbag.py:507} INFO - Filling up the DagBag from /opt/airflow/dags/currency.py
[2022-05-07 12:23:30,566] {processor.py:651} INFO - DAG(s) dict_keys(['hello_world']) retrieved from /opt/airflow/dags/currency.py
[2022-05-07 12:23:30,618] {logging_mixin.py:115} INFO - [2022-05-07 12:23:30,618] {dag.py:2371} INFO - Sync 1 DAGs
[2022-05-07 12:23:30,651] {logging_mixin.py:115} INFO - [2022-05-07 12:23:30,651] {dag.py:2919} INFO - Setting next_dagrun for hello_world to 2022-05-07T12:23:00+00:00, run_after=2022-05-07T12:24:00+00:00
[2022-05-07 12:23:30,660] {processor.py:161} INFO - Processing /opt/airflow/dags/currency.py took 0.136 seconds
[2022-05-07 12:24:00,752] {processor.py:153} INFO - Started process (PID=2712) to work on /opt/airflow/dags/currency.py
[2022-05-07 12:24:00,759] {processor.py:641} INFO - Processing file /opt/airflow/dags/currency.py for tasks to queue
[2022-05-07 12:24:00,770] {logging_mixin.py:115} INFO - [2022-05-07 12:24:00,770] {dagbag.py:507} INFO - Filling up the DagBag from /opt/airflow/dags/currency.py
[2022-05-07 12:24:00,791] {processor.py:651} INFO - DAG(s) dict_keys(['hello_world']) retrieved from /opt/airflow/dags/currency.py
[2022-05-07 12:24:00,837] {logging_mixin.py:115} INFO - [2022-05-07 12:24:00,837] {dag.py:2371} INFO - Sync 1 DAGs
[2022-05-07 12:24:00,858] {logging_mixin.py:115} INFO - [2022-05-07 12:24:00,858] {dag.py:2919} INFO - Setting next_dagrun for hello_world to 2022-05-07T12:24:00+00:00, run_after=2022-05-07T12:25:00+00:00
[2022-05-07 12:24:00,866] {processor.py:161} INFO - Processing /opt/airflow/dags/currency.py took 0.120 seconds
[2022-05-07 12:24:31,031] {processor.py:153} INFO - Started process (PID=2746) to work on /opt/airflow/dags/currency.py
[2022-05-07 12:24:31,034] {processor.py:641} INFO - Processing file /opt/airflow/dags/currency.py for tasks to queue
[2022-05-07 12:24:31,036] {logging_mixin.py:115} INFO - [2022-05-07 12:24:31,036] {dagbag.py:507} INFO - Filling up the DagBag from /opt/airflow/dags/currency.py
[2022-05-07 12:24:31,066] {processor.py:651} INFO - DAG(s) dict_keys(['hello_world']) retrieved from /opt/airflow/dags/currency.py
[2022-05-07 12:24:31,138] {logging_mixin.py:115} INFO - [2022-05-07 12:24:31,138] {dag.py:2371} INFO - Sync 1 DAGs
[2022-05-07 12:24:31,176] {logging_mixin.py:115} INFO - [2022-05-07 12:24:31,176] {dag.py:2919} INFO - Setting next_dagrun for hello_world to 2022-05-07T12:24:00+00:00, run_after=2022-05-07T12:25:00+00:00
[2022-05-07 12:24:31,195] {processor.py:161} INFO - Processing /opt/airflow/dags/currency.py took 0.167 seconds
[2022-05-07 12:25:01,350] {processor.py:153} INFO - Started process (PID=2768) to work on /opt/airflow/dags/currency.py
[2022-05-07 12:25:01,352] {processor.py:641} INFO - Processing file /opt/airflow/dags/currency.py for tasks to queue
[2022-05-07 12:25:01,360] {logging_mixin.py:115} INFO - [2022-05-07 12:25:01,360] {dagbag.py:507} INFO - Filling up the DagBag from /opt/airflow/dags/currency.py
[2022-05-07 12:25:01,392] {processor.py:651} INFO - DAG(s) dict_keys(['hello_world']) retrieved from /opt/airflow/dags/currency.py
[2022-05-07 12:25:01,435] {logging_mixin.py:115} INFO - [2022-05-07 12:25:01,435] {dag.py:2371} INFO - Sync 1 DAGs
[2022-05-07 12:25:01,469] {logging_mixin.py:115} INFO - [2022-05-07 12:25:01,469] {dag.py:2919} INFO - Setting next_dagrun for hello_world to 2022-05-07T12:25:00+00:00, run_after=2022-05-07T12:26:00+00:00
[2022-05-07 12:25:01,480] {processor.py:161} INFO - Processing /opt/airflow/dags/currency.py took 0.138 seconds
[2022-05-07 12:25:31,605] {processor.py:153} INFO - Started process (PID=2797) to work on /opt/airflow/dags/currency.py
[2022-05-07 12:25:31,609] {processor.py:641} INFO - Processing file /opt/airflow/dags/currency.py for tasks to queue
[2022-05-07 12:25:31,611] {logging_mixin.py:115} INFO - [2022-05-07 12:25:31,611] {dagbag.py:507} INFO - Filling up the DagBag from /opt/airflow/dags/currency.py
[2022-05-07 12:25:31,637] {processor.py:651} INFO - DAG(s) dict_keys(['hello_world']) retrieved from /opt/airflow/dags/currency.py
[2022-05-07 12:25:31,692] {logging_mixin.py:115} INFO - [2022-05-07 12:25:31,692] {dag.py:2371} INFO - Sync 1 DAGs
[2022-05-07 12:25:31,722] {logging_mixin.py:115} INFO - [2022-05-07 12:25:31,722] {dag.py:2919} INFO - Setting next_dagrun for hello_world to 2022-05-07T12:25:00+00:00, run_after=2022-05-07T12:26:00+00:00
[2022-05-07 12:25:31,735] {processor.py:161} INFO - Processing /opt/airflow/dags/currency.py took 0.136 seconds
[2022-05-07 12:26:01,826] {processor.py:153} INFO - Started process (PID=2833) to work on /opt/airflow/dags/currency.py
[2022-05-07 12:26:01,828] {processor.py:641} INFO - Processing file /opt/airflow/dags/currency.py for tasks to queue
[2022-05-07 12:26:01,830] {logging_mixin.py:115} INFO - [2022-05-07 12:26:01,830] {dagbag.py:507} INFO - Filling up the DagBag from /opt/airflow/dags/currency.py
[2022-05-07 12:26:01,854] {processor.py:651} INFO - DAG(s) dict_keys(['hello_world']) retrieved from /opt/airflow/dags/currency.py
[2022-05-07 12:26:01,903] {logging_mixin.py:115} INFO - [2022-05-07 12:26:01,903] {dag.py:2371} INFO - Sync 1 DAGs
[2022-05-07 12:26:01,942] {logging_mixin.py:115} INFO - [2022-05-07 12:26:01,942] {dag.py:2919} INFO - Setting next_dagrun for hello_world to 2022-05-07T12:26:00+00:00, run_after=2022-05-07T12:27:00+00:00
[2022-05-07 12:26:01,964] {processor.py:161} INFO - Processing /opt/airflow/dags/currency.py took 0.143 seconds
[2022-05-07 12:26:32,770] {processor.py:153} INFO - Started process (PID=2853) to work on /opt/airflow/dags/currency.py
[2022-05-07 12:26:32,801] {processor.py:641} INFO - Processing file /opt/airflow/dags/currency.py for tasks to queue
[2022-05-07 12:26:32,867] {logging_mixin.py:115} INFO - [2022-05-07 12:26:32,829] {dagbag.py:507} INFO - Filling up the DagBag from /opt/airflow/dags/currency.py
[2022-05-07 12:26:33,294] {processor.py:651} INFO - DAG(s) dict_keys(['hello_world']) retrieved from /opt/airflow/dags/currency.py
[2022-05-07 12:26:33,523] {logging_mixin.py:115} INFO - [2022-05-07 12:26:33,522] {dag.py:2371} INFO - Sync 1 DAGs
[2022-05-07 12:26:33,627] {logging_mixin.py:115} INFO - [2022-05-07 12:26:33,626] {dag.py:2919} INFO - Setting next_dagrun for hello_world to 2022-05-07T12:26:00+00:00, run_after=2022-05-07T12:27:00+00:00
[2022-05-07 12:26:33,653] {processor.py:161} INFO - Processing /opt/airflow/dags/currency.py took 1.024 seconds
[2022-05-07 12:27:03,841] {processor.py:153} INFO - Started process (PID=2885) to work on /opt/airflow/dags/currency.py
[2022-05-07 12:27:03,846] {processor.py:641} INFO - Processing file /opt/airflow/dags/currency.py for tasks to queue
[2022-05-07 12:27:03,849] {logging_mixin.py:115} INFO - [2022-05-07 12:27:03,849] {dagbag.py:507} INFO - Filling up the DagBag from /opt/airflow/dags/currency.py
[2022-05-07 12:27:03,906] {processor.py:651} INFO - DAG(s) dict_keys(['hello_world']) retrieved from /opt/airflow/dags/currency.py
[2022-05-07 12:27:03,971] {logging_mixin.py:115} INFO - [2022-05-07 12:27:03,971] {dag.py:2371} INFO - Sync 1 DAGs
[2022-05-07 12:27:04,000] {logging_mixin.py:115} INFO - [2022-05-07 12:27:04,000] {dag.py:2919} INFO - Setting next_dagrun for hello_world to 2022-05-07T12:26:00+00:00, run_after=2022-05-07T12:27:00+00:00
[2022-05-07 12:27:04,010] {processor.py:161} INFO - Processing /opt/airflow/dags/currency.py took 0.178 seconds
[2022-05-07 12:27:34,158] {processor.py:153} INFO - Started process (PID=2919) to work on /opt/airflow/dags/currency.py
[2022-05-07 12:27:34,165] {processor.py:641} INFO - Processing file /opt/airflow/dags/currency.py for tasks to queue
[2022-05-07 12:27:34,167] {logging_mixin.py:115} INFO - [2022-05-07 12:27:34,167] {dagbag.py:507} INFO - Filling up the DagBag from /opt/airflow/dags/currency.py
[2022-05-07 12:27:34,194] {processor.py:651} INFO - DAG(s) dict_keys(['hello_world']) retrieved from /opt/airflow/dags/currency.py
[2022-05-07 12:27:34,237] {logging_mixin.py:115} INFO - [2022-05-07 12:27:34,237] {dag.py:2371} INFO - Sync 1 DAGs
[2022-05-07 12:27:34,262] {logging_mixin.py:115} INFO - [2022-05-07 12:27:34,262] {dag.py:2919} INFO - Setting next_dagrun for hello_world to 2022-05-07T12:26:00+00:00, run_after=2022-05-07T12:27:00+00:00
[2022-05-07 12:27:34,269] {processor.py:161} INFO - Processing /opt/airflow/dags/currency.py took 0.119 seconds
[2022-05-07 12:28:04,364] {processor.py:153} INFO - Started process (PID=2952) to work on /opt/airflow/dags/currency.py
[2022-05-07 12:28:04,372] {processor.py:641} INFO - Processing file /opt/airflow/dags/currency.py for tasks to queue
[2022-05-07 12:28:04,376] {logging_mixin.py:115} INFO - [2022-05-07 12:28:04,376] {dagbag.py:507} INFO - Filling up the DagBag from /opt/airflow/dags/currency.py
[2022-05-07 12:28:04,412] {processor.py:651} INFO - DAG(s) dict_keys(['hello_world']) retrieved from /opt/airflow/dags/currency.py
[2022-05-07 12:28:04,501] {logging_mixin.py:115} INFO - [2022-05-07 12:28:04,501] {dag.py:2371} INFO - Sync 1 DAGs
[2022-05-07 12:28:04,551] {logging_mixin.py:115} INFO - [2022-05-07 12:28:04,551] {dag.py:2919} INFO - Setting next_dagrun for hello_world to 2022-05-07T12:27:00+00:00, run_after=2022-05-07T12:28:00+00:00
[2022-05-07 12:28:04,572] {processor.py:161} INFO - Processing /opt/airflow/dags/currency.py took 0.215 seconds
[2022-05-07 12:28:34,734] {processor.py:153} INFO - Started process (PID=2971) to work on /opt/airflow/dags/currency.py
[2022-05-07 12:28:34,737] {processor.py:641} INFO - Processing file /opt/airflow/dags/currency.py for tasks to queue
[2022-05-07 12:28:34,739] {logging_mixin.py:115} INFO - [2022-05-07 12:28:34,739] {dagbag.py:507} INFO - Filling up the DagBag from /opt/airflow/dags/currency.py
[2022-05-07 12:28:34,793] {processor.py:651} INFO - DAG(s) dict_keys(['hello_world']) retrieved from /opt/airflow/dags/currency.py
[2022-05-07 12:28:34,879] {logging_mixin.py:115} INFO - [2022-05-07 12:28:34,879] {dag.py:2371} INFO - Sync 1 DAGs
[2022-05-07 12:28:34,939] {logging_mixin.py:115} INFO - [2022-05-07 12:28:34,939] {dag.py:2919} INFO - Setting next_dagrun for hello_world to 2022-05-07T12:27:00+00:00, run_after=2022-05-07T12:28:00+00:00
[2022-05-07 12:28:34,953] {processor.py:161} INFO - Processing /opt/airflow/dags/currency.py took 0.227 seconds
[2022-05-07 12:29:05,077] {processor.py:153} INFO - Started process (PID=3002) to work on /opt/airflow/dags/currency.py
[2022-05-07 12:29:05,081] {processor.py:641} INFO - Processing file /opt/airflow/dags/currency.py for tasks to queue
[2022-05-07 12:29:05,083] {logging_mixin.py:115} INFO - [2022-05-07 12:29:05,083] {dagbag.py:507} INFO - Filling up the DagBag from /opt/airflow/dags/currency.py
[2022-05-07 12:29:05,143] {processor.py:651} INFO - DAG(s) dict_keys(['hello_world']) retrieved from /opt/airflow/dags/currency.py
[2022-05-07 12:29:05,240] {logging_mixin.py:115} INFO - [2022-05-07 12:29:05,240] {dag.py:2371} INFO - Sync 1 DAGs
[2022-05-07 12:29:05,282] {logging_mixin.py:115} INFO - [2022-05-07 12:29:05,282] {dag.py:2919} INFO - Setting next_dagrun for hello_world to 2022-05-07T12:28:00+00:00, run_after=2022-05-07T12:29:00+00:00
[2022-05-07 12:29:05,294] {processor.py:161} INFO - Processing /opt/airflow/dags/currency.py took 0.231 seconds
[2022-05-07 12:29:35,431] {processor.py:153} INFO - Started process (PID=3023) to work on /opt/airflow/dags/currency.py
[2022-05-07 12:29:35,434] {processor.py:641} INFO - Processing file /opt/airflow/dags/currency.py for tasks to queue
[2022-05-07 12:29:35,437] {logging_mixin.py:115} INFO - [2022-05-07 12:29:35,437] {dagbag.py:507} INFO - Filling up the DagBag from /opt/airflow/dags/currency.py
[2022-05-07 12:29:35,467] {processor.py:651} INFO - DAG(s) dict_keys(['hello_world']) retrieved from /opt/airflow/dags/currency.py
[2022-05-07 12:29:35,513] {logging_mixin.py:115} INFO - [2022-05-07 12:29:35,513] {dag.py:2371} INFO - Sync 1 DAGs
[2022-05-07 12:29:35,539] {logging_mixin.py:115} INFO - [2022-05-07 12:29:35,539] {dag.py:2919} INFO - Setting next_dagrun for hello_world to 2022-05-07T12:28:00+00:00, run_after=2022-05-07T12:29:00+00:00
[2022-05-07 12:29:35,547] {processor.py:161} INFO - Processing /opt/airflow/dags/currency.py took 0.122 seconds
[2022-05-07 12:30:05,700] {processor.py:153} INFO - Started process (PID=3054) to work on /opt/airflow/dags/currency.py
[2022-05-07 12:30:05,702] {processor.py:641} INFO - Processing file /opt/airflow/dags/currency.py for tasks to queue
[2022-05-07 12:30:05,704] {logging_mixin.py:115} INFO - [2022-05-07 12:30:05,704] {dagbag.py:507} INFO - Filling up the DagBag from /opt/airflow/dags/currency.py
[2022-05-07 12:30:05,740] {processor.py:651} INFO - DAG(s) dict_keys(['hello_world']) retrieved from /opt/airflow/dags/currency.py
[2022-05-07 12:30:05,780] {logging_mixin.py:115} INFO - [2022-05-07 12:30:05,780] {dag.py:2371} INFO - Sync 1 DAGs
[2022-05-07 12:30:05,805] {logging_mixin.py:115} INFO - [2022-05-07 12:30:05,805] {dag.py:2919} INFO - Setting next_dagrun for hello_world to 2022-05-07T12:29:00+00:00, run_after=2022-05-07T12:30:00+00:00
[2022-05-07 12:30:05,814] {processor.py:161} INFO - Processing /opt/airflow/dags/currency.py took 0.120 seconds
