[2022-05-07 12:01:25,030] {taskinstance.py:1159} INFO - Dependencies all met for <TaskInstance: hello_world.hello_task scheduled__2022-05-07T11:01:00+00:00 [queued]>
[2022-05-07 12:01:25,039] {taskinstance.py:1159} INFO - Dependencies all met for <TaskInstance: hello_world.hello_task scheduled__2022-05-07T11:01:00+00:00 [queued]>
[2022-05-07 12:01:25,040] {taskinstance.py:1356} INFO - 
--------------------------------------------------------------------------------
[2022-05-07 12:01:25,041] {taskinstance.py:1357} INFO - Starting attempt 1 of 1
[2022-05-07 12:01:25,041] {taskinstance.py:1358} INFO - 
--------------------------------------------------------------------------------
[2022-05-07 12:01:25,051] {taskinstance.py:1377} INFO - Executing <Task(PythonOperator): hello_task> on 2022-05-07 11:01:00+00:00
[2022-05-07 12:01:25,055] {standard_task_runner.py:52} INFO - Started process 1329 to run task
[2022-05-07 12:01:25,058] {standard_task_runner.py:79} INFO - Running: ['***', 'tasks', 'run', 'hello_world', 'hello_task', 'scheduled__2022-05-07T11:01:00+00:00', '--job-id', '3', '--raw', '--subdir', 'DAGS_FOLDER/currency.py', '--cfg-path', '/tmp/tmpe7qxwx18', '--error-file', '/tmp/tmp403vr6jd']
[2022-05-07 12:01:25,060] {standard_task_runner.py:80} INFO - Job 3: Subtask hello_task
[2022-05-07 12:01:25,108] {task_command.py:369} INFO - Running <TaskInstance: hello_world.hello_task scheduled__2022-05-07T11:01:00+00:00 [running]> on host e1dde06f7318
[2022-05-07 12:01:25,157] {taskinstance.py:1571} INFO - Exporting the following env vars:
AIRFLOW_CTX_DAG_OWNER=***
AIRFLOW_CTX_DAG_ID=hello_world
AIRFLOW_CTX_TASK_ID=hello_task
AIRFLOW_CTX_EXECUTION_DATE=2022-05-07T11:01:00+00:00
AIRFLOW_CTX_TRY_NUMBER=1
AIRFLOW_CTX_DAG_RUN_ID=scheduled__2022-05-07T11:01:00+00:00
[2022-05-07 12:01:25,159] {python.py:173} INFO - Done. Returned value was: Hello world from first Airflow DAG!
[2022-05-07 12:01:25,176] {taskinstance.py:1400} INFO - Marking task as SUCCESS. dag_id=hello_world, task_id=hello_task, execution_date=20220507T110100, start_date=20220507T120125, end_date=20220507T120125
[2022-05-07 12:01:25,197] {local_task_job.py:156} INFO - Task exited with return code 0
[2022-05-07 12:01:25,221] {local_task_job.py:273} INFO - 0 downstream tasks scheduled from follow-on schedule check
