[2022-05-07 12:14:01,440] {taskinstance.py:1159} INFO - Dependencies all met for <TaskInstance: hello_world.bye_task scheduled__2022-05-07T12:13:00+00:00 [queued]>
[2022-05-07 12:14:01,446] {taskinstance.py:1159} INFO - Dependencies all met for <TaskInstance: hello_world.bye_task scheduled__2022-05-07T12:13:00+00:00 [queued]>
[2022-05-07 12:14:01,447] {taskinstance.py:1356} INFO - 
--------------------------------------------------------------------------------
[2022-05-07 12:14:01,448] {taskinstance.py:1357} INFO - Starting attempt 1 of 1
[2022-05-07 12:14:01,449] {taskinstance.py:1358} INFO - 
--------------------------------------------------------------------------------
[2022-05-07 12:14:01,462] {taskinstance.py:1377} INFO - Executing <Task(PythonOperator): bye_task> on 2022-05-07 12:13:00+00:00
[2022-05-07 12:14:01,466] {standard_task_runner.py:52} INFO - Started process 2072 to run task
[2022-05-07 12:14:01,469] {standard_task_runner.py:79} INFO - Running: ['***', 'tasks', 'run', 'hello_world', 'bye_task', 'scheduled__2022-05-07T12:13:00+00:00', '--job-id', '15', '--raw', '--subdir', 'DAGS_FOLDER/currency.py', '--cfg-path', '/tmp/tmpk_b3w7rc', '--error-file', '/tmp/tmpsy8jwg4m']
[2022-05-07 12:14:01,470] {standard_task_runner.py:80} INFO - Job 15: Subtask bye_task
[2022-05-07 12:14:01,504] {task_command.py:369} INFO - Running <TaskInstance: hello_world.bye_task scheduled__2022-05-07T12:13:00+00:00 [running]> on host e1dde06f7318
[2022-05-07 12:14:01,541] {taskinstance.py:1571} INFO - Exporting the following env vars:
AIRFLOW_CTX_DAG_OWNER=***
AIRFLOW_CTX_DAG_ID=hello_world
AIRFLOW_CTX_TASK_ID=bye_task
AIRFLOW_CTX_EXECUTION_DATE=2022-05-07T12:13:00+00:00
AIRFLOW_CTX_TRY_NUMBER=1
AIRFLOW_CTX_DAG_RUN_ID=scheduled__2022-05-07T12:13:00+00:00
[2022-05-07 12:14:01,544] {python.py:173} INFO - Done. Returned value was: That`s all folks!
[2022-05-07 12:14:01,559] {taskinstance.py:1400} INFO - Marking task as SUCCESS. dag_id=hello_world, task_id=bye_task, execution_date=20220507T121300, start_date=20220507T121401, end_date=20220507T121401
[2022-05-07 12:14:01,602] {local_task_job.py:156} INFO - Task exited with return code 0
[2022-05-07 12:14:01,622] {local_task_job.py:273} INFO - 0 downstream tasks scheduled from follow-on schedule check
