[2022-05-07 12:12:01,111] {taskinstance.py:1159} INFO - Dependencies all met for <TaskInstance: hello_world.hello_task scheduled__2022-05-07T12:11:00+00:00 [queued]>
[2022-05-07 12:12:01,117] {taskinstance.py:1159} INFO - Dependencies all met for <TaskInstance: hello_world.hello_task scheduled__2022-05-07T12:11:00+00:00 [queued]>
[2022-05-07 12:12:01,118] {taskinstance.py:1356} INFO - 
--------------------------------------------------------------------------------
[2022-05-07 12:12:01,119] {taskinstance.py:1357} INFO - Starting attempt 1 of 1
[2022-05-07 12:12:01,119] {taskinstance.py:1358} INFO - 
--------------------------------------------------------------------------------
[2022-05-07 12:12:01,128] {taskinstance.py:1377} INFO - Executing <Task(PythonOperator): hello_task> on 2022-05-07 12:11:00+00:00
[2022-05-07 12:12:01,132] {standard_task_runner.py:52} INFO - Started process 1948 to run task
[2022-05-07 12:12:01,134] {standard_task_runner.py:79} INFO - Running: ['***', 'tasks', 'run', 'hello_world', 'hello_task', 'scheduled__2022-05-07T12:11:00+00:00', '--job-id', '10', '--raw', '--subdir', 'DAGS_FOLDER/currency.py', '--cfg-path', '/tmp/tmp7u2gvux7', '--error-file', '/tmp/tmpnisk73m_']
[2022-05-07 12:12:01,135] {standard_task_runner.py:80} INFO - Job 10: Subtask hello_task
[2022-05-07 12:12:01,181] {task_command.py:369} INFO - Running <TaskInstance: hello_world.hello_task scheduled__2022-05-07T12:11:00+00:00 [running]> on host e1dde06f7318
[2022-05-07 12:12:01,226] {taskinstance.py:1571} INFO - Exporting the following env vars:
AIRFLOW_CTX_DAG_OWNER=***
AIRFLOW_CTX_DAG_ID=hello_world
AIRFLOW_CTX_TASK_ID=hello_task
AIRFLOW_CTX_EXECUTION_DATE=2022-05-07T12:11:00+00:00
AIRFLOW_CTX_TRY_NUMBER=1
AIRFLOW_CTX_DAG_RUN_ID=scheduled__2022-05-07T12:11:00+00:00
[2022-05-07 12:12:01,228] {python.py:173} INFO - Done. Returned value was: Hello world from first Airflow DAG!
[2022-05-07 12:12:01,243] {taskinstance.py:1400} INFO - Marking task as SUCCESS. dag_id=hello_world, task_id=hello_task, execution_date=20220507T121100, start_date=20220507T121201, end_date=20220507T121201
[2022-05-07 12:12:01,268] {local_task_job.py:156} INFO - Task exited with return code 0
[2022-05-07 12:12:01,290] {local_task_job.py:273} INFO - 1 downstream tasks scheduled from follow-on schedule check
