[2022-05-07 12:09:50,023] {taskinstance.py:1159} INFO - Dependencies all met for <TaskInstance: hello_world.hello_task scheduled__2022-05-07T12:08:00+00:00 [queued]>
[2022-05-07 12:09:50,033] {taskinstance.py:1159} INFO - Dependencies all met for <TaskInstance: hello_world.hello_task scheduled__2022-05-07T12:08:00+00:00 [queued]>
[2022-05-07 12:09:50,036] {taskinstance.py:1356} INFO - 
--------------------------------------------------------------------------------
[2022-05-07 12:09:50,037] {taskinstance.py:1357} INFO - Starting attempt 1 of 1
[2022-05-07 12:09:50,039] {taskinstance.py:1358} INFO - 
--------------------------------------------------------------------------------
[2022-05-07 12:09:50,052] {taskinstance.py:1377} INFO - Executing <Task(PythonOperator): hello_task> on 2022-05-07 12:08:00+00:00
[2022-05-07 12:09:50,058] {standard_task_runner.py:52} INFO - Started process 1809 to run task
[2022-05-07 12:09:50,061] {standard_task_runner.py:79} INFO - Running: ['***', 'tasks', 'run', 'hello_world', 'hello_task', 'scheduled__2022-05-07T12:08:00+00:00', '--job-id', '4', '--raw', '--subdir', 'DAGS_FOLDER/currency.py', '--cfg-path', '/tmp/tmpvpl3ze39', '--error-file', '/tmp/tmplkir3l2b']
[2022-05-07 12:09:50,064] {standard_task_runner.py:80} INFO - Job 4: Subtask hello_task
[2022-05-07 12:09:50,113] {task_command.py:369} INFO - Running <TaskInstance: hello_world.hello_task scheduled__2022-05-07T12:08:00+00:00 [running]> on host e1dde06f7318
[2022-05-07 12:09:50,164] {taskinstance.py:1571} INFO - Exporting the following env vars:
AIRFLOW_CTX_DAG_OWNER=***
AIRFLOW_CTX_DAG_ID=hello_world
AIRFLOW_CTX_TASK_ID=hello_task
AIRFLOW_CTX_EXECUTION_DATE=2022-05-07T12:08:00+00:00
AIRFLOW_CTX_TRY_NUMBER=1
AIRFLOW_CTX_DAG_RUN_ID=scheduled__2022-05-07T12:08:00+00:00
[2022-05-07 12:09:50,167] {python.py:173} INFO - Done. Returned value was: Hello world from first Airflow DAG!
[2022-05-07 12:09:50,186] {taskinstance.py:1400} INFO - Marking task as SUCCESS. dag_id=hello_world, task_id=hello_task, execution_date=20220507T120800, start_date=20220507T120950, end_date=20220507T120950
[2022-05-07 12:09:50,200] {local_task_job.py:156} INFO - Task exited with return code 0
[2022-05-07 12:09:50,224] {local_task_job.py:273} INFO - 1 downstream tasks scheduled from follow-on schedule check
